=== | INFO     | agent_utils:log_info:56 - [Context Trimming Enabled] Config: max_turns=65, keep_recent_turns=20, trim_start_turn=2, trim_lines=(15+15), trim_first_ai_message=True
=== | INFO     | agent_utils:log_info:56 - [Budget Config]: Max budget: $4.00, Warning budget: $3.50
=== | INFO     | agent_utils:log_info:56 - [Cost Info]: Turn cost: $0.017619, Total cost: $0.017619
=== | INFO     | agent_utils:log_info:56 - [Token Info]: Prompt: 5593, Completion: 56, Total: 5649
=== | INFO     | agent_utils:log_info:56 - [Function Result]:


**Key Constraints:**
* You are not allowed to ask for human help. You must resolve the issue and submit the final result entirely on your own.*
* Strictly follow the workflow. The only exception is if you encounter difficulties with issue reproduction; in that case, you may proceed directly to static code editing and verify your fix with cargo test to check for regressions.*
* If possible (reproduce env is setup and you can reproduce the issue), use `trace` function to trace the issue. *
* **ONE** and Only **ONE** command is permitted per conversation. After making one single command (e.g., ```function:...```), you must **STOP** and wait for the command response then decide how to performa in the next conversation. **DO NOT** generate multiple commands in one coversation.
* The command **MUST** be enclosed in a ```function:...``` code block. No other '```' should be used in the function block.

* **Example:** 
    Okay, let's start by reviewing the directory of the `/workspace/template_project` project.
    
    ```
    function:execute_bash
    cmd:cd /workspace/template_project && ls /workspace/template_project
    ```


As a RustForger Agent, your task is to resolve the real-world Rust issue based on the provided issue description by using the provided functions (especially powerful `trace` function) in the given codebase `/workspace/clap-rs__clap__0.1`. 
Correct your patch generation strategy step-by-step through exploration, testing, and feedback analysis to ultimately find an accurate and precise resolution.

Note: you are not allowed to modify original tests, change the git version in the given codebase `/workspace/clap-rs__clap__0.1`. 
Discard the issue description's codebase version mismatch with current codebase. The issue you need to resolve is exactly just in the `/workspace/clap-rs__clap__0.1`.

**Workflow:**
Follow this workflow to resolve the issue:

1.  **Brief exploration:**
    Explore the `/workspace/clap-rs__clap__0.1` directory briefly to familar with the project structure and relative code. Use shell commands like `grep`, `ls`, and `sed` to locate the relevant code.

2.  **Create a reproduce test:** 
    Create a new test to reproduce the issue in the `/workspace/test_proj` directory.
    2.1. Review the `Cargo.toml` of the `/workspace/clap-rs__clap__0.1`.
    2.2. Create a new Cargo project in the `/workspace/test_proj` directory (this will be your test reproduction project).
    2.3. Add the local `/workspace/clap-rs__clap__0.1` project as a **local path dependency** to your new test project (e.g., `cargo add --path /workspace/clap-rs__clap__0.1 --features "..."`). This local linkage is **MANDATORY**.
    2.4. Generate a minimal, clear test within your test reproduction project `main.rs` and then execute it to reproduce the issue.
     
3.  **Analyze Code & Patch Generation:**
    You should use the `grep -rn` and `trace` function to find the related code and collect run-time trace results. Specifically, if reproduction is successful, use the trace function and select relevant functions to analyze runtime behavior.
    Note: The trace function can only instrument regular functions and methods called within the same process. It does not trace across subprocess boundaries, and automatically excludes closures, macros, and test functions.
    Implement the minimal and effective code change to resolve the issue. DO NOT breaking change the original code's implementation. 
    You should step-by-step modification and verification. (After each modification, you can re-run or update the test from Step 2 to confirm your implementation is correct.)
    If your modifications become problematic or lead to a dead end, use `git checkout` to revert the changes (should in the /workspace/clap-rs__clap__0.1 directory).
    Multiple iterations to analyze, validate, and generate the patch are fine. Whenever possible, build upon the existing codebase by reusing functions and logic instead of reimplementing them from scratch. 

4.  **Submit final result:**
    If you complete the task, use the `task_report` function to submit the final result. 


To achieve this, you can utilize the following functions. You must strictly adhere to the specified format for each function call.

The detailed issue description is provided below, enclosed by the <START_OF_ISSUE_YOU_NEED_TO_REPRODUCE> and <END_OF_ISSUE_YOU_NEED_TO_REPRODUCE> tags. 

---

### Function Definitions

1.  **`execute_bash`**
    * **Purpose:** Executes shell commands.
    * **Format:**
        ```
        function:execute_bash 
        cmd:<your_command_here>
        ```
    * **Details:**
        * `cmd:` is followed by the specific command to be executed (e.g., `pwd && ls`).
        * This function can leverage a wide range of Unix/GNU tools.

2.  **`str_replace`**
    * **Purpose:** Replaces a specific string segment in an existing file.
    * **Format:**
        ```
        function:str_replace 
        file_path:<path_to_file>
        old_str:
        <exact_string_to_be_replaced>
        new_str:
        <replacement_string>
        ```
    * **Details:**
        * `file_path:` specifies the absolute path to the file that needs modification.
        * `old_str:` must be followed by a newline, and then the *exact* string segment to be replaced.
        * `new_str:` must be followed by a newline, and then the new string segment that will replace the `old_str`.
        * **Crucial:**
            * The `old_str` must uniquely match *exactly one* segment in the target file. If `old_str` matches zero or multiple locations, the operation will fail and return an error.
            * It is critical that `old_str` is an *exact literal match* of the code segment you intend to replace, including all indentation, spacing, newlines, and any special characters or placeholders. Any mismatch will result in a failure to find and replace the intended segment.

3.  **`new_file`**
    * **Purpose:** Creates a new file with specified content or overwrites an existing file.
    * **Format:**
        ```
        function:new_file 
        file_path:<path_to_new_or_existing_file>
        new_str:
        <content_to_be_written_to_the_file>
        ```
    * **Details:**
        * `file_path:` specifies the absolute path where the file will be created or overwritten.
        * `new_str:` must be followed by a newline, and then the entire content to be written into the file.
        * If the file specified by `file_path` already exists, its current content will be completely replaced by `new_str`.
        * If the file does not exist, it will be created with the content provided in `new_str`.
        
4.  **`trace`**
    * **Purpose:** A powerful dynamic analysis tool to observe the runtime behavior of the code. It instruments specified functions, runs the test, and collects a detailed execution trace. Use this to verify your hypotheses about the program's control flow.
    * **Format:**
        ```
        function:trace
        test_project: <path_to_the_test_project_directory>
        target_project: <path_to_the_target_project_directory>
        instrument: <file_path_1:function_name_1>
        instrument: <file_path_2:function_name_1,function_name_2,...>
        instrument: <file_path_3:function_name_1,function_name_2,...>
        output: <path_for_the_output_trace_file>
        exec: <command_to_be_executed_in_the_test_project>
        ```
    * **Details:**
        * `test_project:` Specifies the absolute path to the test reproduction project directory.
        * `target_project:` Specifies the absolute path to the target project directory containing the issue. **CRITICAL: This must be the exact directory containing the Cargo.toml file that manages the source files you want to instrument. Do NOT use workspace root or other unrelated Cargo.toml paths - only the specific crate directory where your instrumentation target files belong.** (Example: for instrumenting files in clap_builder crate, use `/workspace/clap-rs__clap__0.1/clap_builder`, not `/workspace/clap-rs__clap__0.1`)
        * `instrument:` A comma-separated list of functions to be instrumented. Each entry must be in the format `file_path:function_name_1,function_name_2,...`. (One should be your `main` function in the `/workspace/test_proj`.) Only path:func_name format is supported.**
        *  To trace functions in multiple files, provide a separate `instrument` line for each file.
        * `output:` Defines the absolute path where the trace output file (e.g., `trace.json`) will be saved.
        * `exec:` The shell command that will be executed from within the `test_project` directory to trigger the issue (e.g., `cargo run`).
    **Note**: The trace function is designed for regular functions and cannot trace binaries, subprocesses, closures, macros, test functions, underscore-prefixed, const fn functions, or already-traced functions.


5.  **`task_report`**    
    * **Purpose:** To submit your final result. Do not submit early unless you have tried multiple approaches and are certain the issue cannot be resolved. DO NOT contains any ``` code block in the `task_analysis` parameter.
    * **Format:**
        ```
        function:task_report
        task_resolve_success: <True_or_False>
        task_modify_files: <file_a,file_b,...>
        task_analysis: <your_summary_and_justification>
        ```
    * **Details:**
        * `task_report:` The keyword to report your analysis and findings.
        * `task_modify_files:` A comma-separated list of all modified source code file absolute paths (e.g., `/workspace/clap-rs__clap__0.1/file_a.py, /workspace/clap-rs__clap__0.1/file_b.py`). (Note: Be careful, if any source code modification is made, you should add the modified file to the `task_modify_files` parameter, otherwise, the patch is wasted.)
        * `task_analysis:` A summary of your investigation. This should include an analysis of the test results (if any), a description of your approach or implemented solution, and your current assessment of the issue. DO NOT contains any ``` code block in the `task_analysis` parameter.
        * `task_resolve_success:` A boolean value. Set to True if you believe your solution successfully fixes the issue and passes all verification tests. Set to False if the issue was not resolved or you're still investigating.

        
---

### Function Usage Examples:

**`execute_bash` Function Usage & Demo:**

* **Traverse project structure:**
    ```
    function:execute_bash 
    cmd:ls -a /workspace/tokio-rs__tokio__0.1
    ```

* **Search for relative code (using `grep`):**
    ```
    function:execute_bash 
    cmd:grep -n "fn try_reserve" /workspace/tokio-rs__tokio__0.1/sub_module/.../main.rs
    ```
    ```
    function:execute_bash 
    cmd:grep -A 10 "impl<T> Sender<T>" /workspace/tokio-rs__tokio__0.1/.../main.rs
    ```
    *(Self-correction: Ensure grep paths are valid or illustrative placeholders. The `...` implies deeper paths)*

* **Create a new Cargo project and modify its `Cargo.toml`:**

    Setup tracing dependencies for a project
    ```
    function:execute_bash 
    cmd:cd /workspace && cargo new reproduce_proj && cd reproduce_proj && cargo add --path "../tokio-rs__tokio__0.1/submodule" --features "full"
    ```
* **Reverting code changes (using git):**
    If your code modifications are problematic, you can use git to revert the changes. (should in the /workspace/clap-rs__clap__0.1 directory)
    To revert a single file:
    ```
    function:execute_bash
    cmd:cd /workspace/clap-rs__clap__0.1 && git checkout -- <path_to_file>
    ```
    
    To revert the entire repository:
    ```
    function:execute_bash
    cmd:cd /workspace/clap-rs__clap__0.1 && git checkout .
    ```


**`trace` Function Usage & Demo:**

    This example demonstrates how to use `trace` to trace functions in both the test and the target project.
    ```
    function:trace
    test_project:/workspace/test_proj
    target_project:/workspace/clap-rs__clap__0.1/clap_builder
    instrument:/workspace/test_proj/src/main.rs:main
    instrument:/workspace/clap-rs__clap__0.1/clap_builder/src/lib.rs:func_1,func_2
    instrument:/workspace/clap-rs__clap__0.1/clap_builder/src/parser.rs:func_1,func_2
    output:/workspace/trace.json
    exec:cd /workspace/test_proj && cargo run
    ```

* **`str_replace` Function Usage & Demo:**

```
function:str_replace 
file_path:/workspace/tokio-rs__tokio__0.1/src/main.rs
old_str:
    println!("Old greeting");
new_str:
    println!("New, improved greeting!");
```

**`new_file` function Usage & Demo:**

```
function:new_file 
file_path:/workspace/tokio-rs__tokio__0.1/src/new_module.rs
new_str:
// This is a new Rust module.

pub fn new_function() {{
    println!("Hello from the new module!");
}}

struct NewStruct {{
    id: i32,
}}
```

---

<START_OF_ISSUE_YOU_NEED_TO_REPRODUCE>


Use enum as subcommands in a subcommand
### Make sure you completed the following tasks

- [x] Searched the [discussions](https://github.com/clap-rs/clap/discussions)
- [x] Searched the closes issues

### Code

```rust
use clap::Clap;

#[derive(Clap)]
enum App {{
    Build,
    Config(Config),
}}

#[derive(Clap)]
enum Config {{
    Show,
    Edit,
}}

fn main() {{
    App::parse_from(&["app", "config"]);
}}
```

#### Output
```
thread 'main' panicked at 'called `Option::unwrap()` on a `None` value', src/main.rs:9:10
note: run with `RUST_BACKTRACE=1` environment variable to display a backtrace
```

### Steps to reproduce the issue
1. Run `cargo run --`
2. Observe that the application panics

### Version

* **Rust**: rustc 1.46.0-nightly (0c03aee8b 2020-07-05)
* **Clap**: 3.0.0-beta.1

### Actual Behavior Summary

When deriving `Clap` for enums as shown in the code, calling any of the `parse` methods while not giving a secondary subcommand to primary subcommand causes a panic.

### Expected Behavior Summary

I think that instead of panicking, clap should return an error displaying the help message.

### Additional context

I have already opened a discussion about this at #2004, because I was unsure if this behavior was unexpected.
@CreepySkeleton agrees that this is a bug.

### Debug output
<details>
<summary> Debug Output </summary>
<pre>
<code>
[            clap::build::app] 	App::_do_parse
[            clap::build::app] 	App::_build
[            clap::build::app] 	App::_derive_display_order:clap-test
[            clap::build::app] 	App::_derive_display_order:build
[            clap::build::app] 	App::_derive_display_order:config
[            clap::build::app] 	App::_derive_display_order:show
[            clap::build::app] 	App::_derive_display_order:edit
[            clap::build::app] 	App::_create_help_and_version
[            clap::build::app] 	App::_create_help_and_version: Building --help
[            clap::build::app] 	App::_create_help_and_version: Building --version
[            clap::build::app] 	App::_create_help_and_version: Building help
[            clap::build::app] 	App::_debug_asserts
[            clap::build::arg] 	Arg::_debug_asserts:help
[            clap::build::arg] 	Arg::_debug_asserts:version
[         clap::parse::parser] 	Parser::get_matches_with
[         clap::parse::parser] 	Parser::_build
[         clap::parse::parser] 	Parser::_verify_positionals
[         clap::parse::parser] 	Parser::get_matches_with: Begin parsing '"config"' ([99, 111, 110, 102, 105, 103])
[         clap::parse::parser] 	Parser::is_new_arg: "config":NotFound
[         clap::parse::parser] 	Parser::is_new_arg: arg_allows_tac=false
[         clap::parse::parser] 	Parser::is_new_arg: probably value
[         clap::parse::parser] 	Parser::is_new_arg: starts_new_arg=false
[         clap::parse::parser] 	Parser::possible_subcommand: arg="config"
[         clap::parse::parser] 	Parser::get_matches_with: possible_sc=true, sc=Some("config")
[         clap::parse::parser] 	Parser::parse_subcommand
[         clap::output::usage] 	Usage::get_required_usage_from: incls=[], matcher=false, incl_last=true
[         clap::output::usage] 	Usage::get_required_usage_from: ret_val=[]
[            clap::build::app] 	App::_propagate:clap-test
[            clap::build::app] 	App::_build
[            clap::build::app] 	App::_derive_display_order:config
[            clap::build::app] 	App::_derive_display_order:show
[            clap::build::app] 	App::_derive_display_order:edit
[            clap::build::app] 	App::_create_help_and_version
[            clap::build::app] 	App::_create_help_and_version: Building --help
[            clap::build::app] 	App::_create_help_and_version: Building --version
[            clap::build::app] 	App::_create_help_and_version: Building help
[            clap::build::app] 	App::_debug_asserts
[            clap::build::arg] 	Arg::_debug_asserts:help
[            clap::build::arg] 	Arg::_debug_asserts:version
[         clap::parse::parser] 	Parser::parse_subcommand: About to parse sc=config
[         clap::parse::parser] 	Parser::get_matches_with
[         clap::parse::parser] 	Parser::_build
[         clap::parse::parser] 	Parser::_verify_positionals
[         clap::parse::parser] 	Parser::remove_overrides
[      clap::parse::validator] 	Validator::validate
[         clap::parse::parser] 	Parser::add_defaults
[      clap::parse::validator] 	Validator::validate_conflicts
[      clap::parse::validator] 	Validator::validate_exclusive
[      clap::parse::validator] 	Validator::gather_conflicts
[      clap::parse::validator] 	Validator::validate_required: required=ChildGraph([])
[      clap::parse::validator] 	Validator::gather_requirements
[      clap::parse::validator] 	Validator::validate_required_unless
[      clap::parse::validator] 	Validator::validate_matched_args
[         clap::parse::parser] 	Parser::remove_overrides
[      clap::parse::validator] 	Validator::validate
[         clap::parse::parser] 	Parser::add_defaults
[      clap::parse::validator] 	Validator::validate_conflicts
[      clap::parse::validator] 	Validator::validate_exclusive
[      clap::parse::validator] 	Validator::gather_conflicts
[      clap::parse::validator] 	Validator::validate_required: required=ChildGraph([])
[      clap::parse::validator] 	Validator::gather_requirements
[      clap::parse::validator] 	Validator::validate_required_unless
[      clap::parse::validator] 	Validator::validate_matched_args
[    clap::parse::arg_matcher] 	ArgMatcher::get_global_values: global_arg_vec=[]
</code>
</pre>
</details>



<END_OF_ISSUE_YOU_NEED_TO_REPRODUCE>


=== | INFO     | agent_utils:log_info:56 - ====================================================================================================
=== | INFO     | agent_utils:log_info:56 - [LLM Response]:
I'll start by exploring the project structure to understand the codebase and then work on reproducing the issue.

```
function:execute_bash
cmd:ls -la /workspace/clap-rs__clap__0.1
```
=== | INFO     | agent_utils:log_info:56 - [Progress]: Turn 1/65, Cost: $0.017619/$4.00
=== | INFO     | agent_utils:log_info:56 - [Cost Info]: Turn cost: $0.020172, Total cost: $0.037791
=== | INFO     | agent_utils:log_info:56 - [Token Info]: Prompt: 6459, Completion: 53, Total: 6512
=== | INFO     | agent_utils:log_info:56 - [Function Result]:
EXECUTION RESULT of [execute_bash]:
total 296
drwxr-xr-x 12 root root   4096 Jul 20 08:04 .
drwxr-xr-x  4 root root   4096 Jul 20 08:04 ..
drwxr-xr-x  8 root root   4096 Jul 20 08:04 .git
drwxr-xr-x  4 root root   4096 Jul 20 08:04 .github
-rw-r--r--  1 root root    305 Jul 20 08:04 .gitignore
-rw-r--r--  1 root root 155329 Jul 20 08:04 CHANGELOG.md
-rw-r--r--  1 root root   3900 Jul 20 08:04 CONTRIBUTING.md
-rw-r--r--  1 root root   2746 Jul 20 08:04 Cargo.toml
-rw-r--r--  1 root root   8000 Jul 20 08:04 FAQ.md
-rw-r--r--  1 root root  11357 Jul 20 08:04 LICENSE-APACHE
-rw-r--r--  1 root root   1086 Jul 20 08:04 LICENSE-MIT
-rw-r--r--  1 root root  27159 Jul 20 08:04 README.md
drwxr-xr-x  2 root root   4096 Jul 20 08:04 benches
-rw-r--r--  1 root root    190 Jul 20 08:04 bors.toml
-rw-r--r--  1 root root   8840 Jul 20 08:04 clap.schema.json
drwxr-xr-x  5 root root   4096 Jul 20 08:04 clap_derive
drwxr-xr-x  5 root root   4096 Jul 20 08:04 clap_generate
drwxr-xr-x  3 root root   4096 Jul 20 08:04 clap_up
-rwxr-xr-x  1 root root    316 Jul 20 08:04 count-tests.sh
drwxr-xr-x  2 root root   4096 Jul 20 08:04 examples
-rw-r--r--  1 root root    974 Jul 20 08:04 justfile
drwxr-xr-x  5 root root   4096 Jul 20 08:04 site
drwxr-xr-x  6 root root   4096 Jul 20 08:04 src
drwxr-xr-x  3 root root   4096 Jul 20 08:04 tests
-rw-r--r--  1 root root    240 Jul 20 08:04 v3_occ_vs_vals.md
-rw-r--r--  1 root root   1340 Jul 20 08:04 v3_warn_cases.md
[Current working directory: /workspace
Command finished with exit code: 0]
=== | INFO     | agent_utils:log_info:56 - ====================================================================================================
=== | INFO     | agent_utils:log_info:56 - [LLM Response]:
Let me check the Cargo.toml to understand the project structure better:

```
function:execute_bash
cmd:cat /workspace/clap-rs__clap__0.1/Cargo.toml
```
=== | INFO     | agent_utils:log_info:56 - [Progress]: Turn 2/65, Cost: $0.037791/$4.00
=== | INFO     | agent_utils:log_info:56 - [Cost Info]: Turn cost: $0.023445, Total cost: $0.061236
=== | INFO     | agent_utils:log_info:56 - [Token Info]: Prompt: 7575, Completion: 48, Total: 7623
=== | INFO     | agent_utils:log_info:56 - [Function Result]:
EXECUTION RESULT of [execute_bash]:
[package]
name = "clap"
version = "3.0.0-beta.2"
edition = "2018"
authors = [
	"Kevin K. <kbknapp@gmail.com>",
	"Clap Maintainers"
]
include = [
	"src/**/*",
	"Cargo.toml",
	"README.md"
]
description = "A simple to use, efficient, and full-featured Command Line Argument Parser"
repository = "https://github.com/clap-rs/clap"
documentation = "https://docs.rs/clap/"
homepage = "https://clap.rs/"
keywords = [
	"argument",
	"cli",
	"arg",
	"parser",
	"parse"
]
categories = ["command-line-interface"]
license = "MIT OR Apache-2.0"
readme = "README.md"

[lib]
bench = false

[[bench]]
harness = false
name = "01_default"
path = "benches/01_default.rs"

[[bench]]
harness = false
name = "02_simple"
path = "benches/02_simple.rs"

[[bench]]
harness = false
name = "03_complex"
path = "benches/03_complex.rs"

[[bench]]
harness = false
name = "04_new_help"
path = "benches/04_new_help.rs"

[[bench]]
harness = false
name = "05_ripgrep"
path = "benches/05_ripgrep.rs"

[[bench]]
harness = false
name = "06_rustup"
path = "benches/06_rustup.rs"

[dependencies]
clap_derive = { path = "./clap_derive", version = "3.0.0-beta.2", optional = true }
bitflags = "1.2"
textwrap = { version = "0.14.0", default-features = false, features = [] }
indexmap = "1.0"
os_str_bytes = { version = "3.0", features = ["raw"] }
vec_map = "0.8"
strsim = { version = "0.10",  optional = true }
yaml-rust = { version = "0.4.1",  optional = true }
atty = { version = "0.2",  optional = true }
termcolor = { version = "1.1", optional = true }
terminal_size = { version = "0.1.12", optional = true }
lazy_static = { version = "1", optional = true }
regex = { version = "1.0", optional = true }

[dev-dependencies]
regex = "1.0"
lazy_static = "1"
version-sync = "0.9"
criterion = "0.3.2"

[features]
default     = ["std", "suggestions", "color", "unicode_help", "derive", "cargo"]
std         = ["indexmap/std"] # support for no_std in a backwards-compatible way
suggestions = ["strsim"]
color       = ["atty", "termcolor"]
wrap_help   = ["terminal_size", "textwrap/terminal_size"]
unicode_help= ["textwrap/unicode-width"]  # Enable if any unicode in help message
derive      = ["clap_derive", "lazy_static"]
yaml        = ["yaml-rust"]
cargo       = ["lazy_static"] # Disable if you're not using Cargo, enables Cargo-env-var-dependent macros
debug       = ["clap_derive/debug"] # Enables debug messages
doc         = ["yaml", "regex"] # All the features which add to documentation

[profile.test]
opt-level = 1

[profile.bench]
lto = true
codegen-units = 1

[package.metadata.docs.rs]
features = ["doc"]
targets = ["x86_64-unknown-linux-gnu"]

[workspace]
members = [
	"clap_derive",
	"clap_generate",
	"clap_up",
]
default-members = [
	".",
	"clap_derive",
	"clap_generate",
]
[Current working directory: /workspace
Command finished with exit code: 0]
=== | INFO     | agent_utils:log_info:56 - ====================================================================================================
=== | INFO     | agent_utils:log_info:56 - [LLM Response]:
Now let me explore the source directory to understand the project structure:

```
function:execute_bash
cmd:ls -la /workspace/clap-rs__clap__0.1/src
```
=== | INFO     | agent_utils:log_info:56 - [Progress]: Turn 3/65, Cost: $0.061236/$4.00
=== | INFO     | agent_utils:log_info:56 - [Cost Info]: Turn cost: $0.024690, Total cost: $0.085926
=== | INFO     | agent_utils:log_info:56 - [Token Info]: Prompt: 7945, Completion: 57, Total: 8002
=== | INFO     | agent_utils:log_info:56 - [Function Result]:
EXECUTION RESULT of [execute_bash]:
total 72
drwxr-xr-x  6 root root  4096 Jul 20 08:04 .
drwxr-xr-x 12 root root  4096 Jul 20 08:04 ..
drwxr-xr-x  4 root root  4096 Jul 20 08:04 build
-rw-r--r--  1 root root 10862 Jul 20 08:04 derive.rs
-rw-r--r--  1 root root  2033 Jul 20 08:04 lib.rs
-rw-r--r--  1 root root 22095 Jul 20 08:04 macros.rs
-rw-r--r--  1 root root  4619 Jul 20 08:04 mkeymap.rs
drwxr-xr-x  2 root root  4096 Jul 20 08:04 output
drwxr-xr-x  4 root root  4096 Jul 20 08:04 parse
drwxr-xr-x  2 root root  4096 Jul 20 08:04 util
[Current working directory: /workspace
Command finished with exit code: 0]
=== | INFO     | agent_utils:log_info:56 - ====================================================================================================
=== | INFO     | agent_utils:log_info:56 - [LLM Response]:
Let me check the clap_derive directory since the issue is related to the derive macro:

```
function:execute_bash
cmd:ls -la /workspace/clap-rs__clap__0.1/clap_derive
```
=== | INFO     | agent_utils:log_info:56 - [Progress]: Turn 4/65, Cost: $0.085926/$4.00
=== | INFO     | agent_utils:log_info:56 - [Cost Info]: Turn cost: $0.025374, Total cost: $0.111300
=== | INFO     | agent_utils:log_info:56 - [Token Info]: Prompt: 8223, Completion: 47, Total: 8270
=== | INFO     | agent_utils:log_info:56 - [Function Result]:
EXECUTION RESULT of [execute_bash]:
total 32
drwxr-xr-x  5 root root 4096 Jul 20 08:04 .
drwxr-xr-x 12 root root 4096 Jul 20 08:04 ..
-rw-r--r--  1 root root 1094 Jul 20 08:04 Cargo.toml
-rw-r--r--  1 root root 5199 Jul 20 08:04 README.md
drwxr-xr-x  2 root root 4096 Jul 20 08:04 examples
drwxr-xr-x  4 root root 4096 Jul 20 08:04 src
drwxr-xr-x  3 root root 4096 Jul 20 08:04 tests
[Current working directory: /workspace
Command finished with exit code: 0]
=== | INFO     | agent_utils:log_info:56 - ====================================================================================================
=== | INFO     | agent_utils:log_info:56 - [LLM Response]:
Now let me create a test project to reproduce the issue. First, let me create the test project directory:

```
function:execute_bash
cmd:cd /workspace && cargo new test_proj
```
=== | INFO     | agent_utils:log_info:56 - [Progress]: Turn 5/65, Cost: $0.111300/$4.00
=== | INFO     | agent_utils:log_info:56 - [Cost Info]: Turn cost: $0.026181, Total cost: $0.137481
=== | INFO     | agent_utils:log_info:56 - [Token Info]: Prompt: 8417, Completion: 62, Total: 8479
=== | INFO     | agent_utils:log_info:56 - [Function Result]:
EXECUTION RESULT of [execute_bash]:
stderr:
warning: `/root/.cargo/config` is deprecated in favor of `config.toml`
note: if you need to support cargo 1.38 or earlier, you can symlink `config` to `config.toml`
    Creating binary (application) `test_proj` package
note: see more `Cargo.toml` keys and their definitions at https://doc.rust-lang.org/cargo/reference/manifest.html
[Current working directory: /workspace
Command finished with exit code: 0]
=== | INFO     | agent_utils:log_info:56 - ====================================================================================================
=== | INFO     | agent_utils:log_info:56 - [LLM Response]:
Now let me add the local clap dependency to my test project:

```
function:execute_bash
cmd:cd /workspace/test_proj && cargo add --path /workspace/clap-rs__clap__0.1 --features "derive"
```
=== | INFO     | agent_utils:log_info:56 - [Progress]: Turn 6/65, Cost: $0.137481/$4.00
=== | INFO     | agent_utils:log_info:56 - [Cost Info]: Turn cost: $0.027930, Total cost: $0.165411
=== | INFO     | agent_utils:log_info:56 - [Token Info]: Prompt: 8685, Completion: 125, Total: 8810
=== | INFO     | agent_utils:log_info:56 - [Function Result]:
EXECUTION RESULT of [execute_bash]:
stderr:
warning: `/root/.cargo/config` is deprecated in favor of `config.toml`
note: if you need to support cargo 1.38 or earlier, you can symlink `config` to `config.toml`
      Adding clap (local) to dependencies
             Features:
             + atty
             + cargo
             + clap_derive
             + color
             + derive
             + lazy_static
             + std
             + strsim
             + suggestions
             + termcolor
             + unicode_help
             - debug
             - doc
             - regex
             - terminal_size
             - wrap_help
             - yaml
             - yaml-rust
    Updating crates.io index
     Locking 39 packages to latest Rust 1.88.0 compatible versions
[Current working directory: /workspace
Command finished with exit code: 0]
=== | INFO     | agent_utils:log_info:56 - ====================================================================================================
=== | INFO     | agent_utils:log_info:56 - [LLM Response]:
Now let me create the test code to reproduce the issue:

```
function:new_file
file_path:/workspace/test_proj/src/main.rs
new_str:
use clap::Clap;

#[derive(Clap)]
enum App {
    Build,
    Config(Config),
}

#[derive(Clap)]
enum Config {
    Show,
    Edit,
}

fn main() {
    App::parse_from(&["app", "config"]);
}
```
=== | INFO     | agent_utils:log_info:56 - [Progress]: Turn 7/65, Cost: $0.165411/$4.00
=== | INFO     | agent_utils:log_info:56 - [Cost Info]: Turn cost: $0.027081, Total cost: $0.192492
=== | INFO     | agent_utils:log_info:56 - [Token Info]: Prompt: 8842, Completion: 37, Total: 8879
=== | INFO     | agent_utils:log_info:56 - [Function Result]:
EXECUTION RESULT of [new_file]:
File overwritten successfully at: /workspace/test_proj/src/main.rs
=== | INFO     | agent_utils:log_info:56 - ====================================================================================================
=== | INFO     | agent_utils:log_info:56 - [LLM Response]:
Now let me run the test to reproduce the issue:

```
function:execute_bash
cmd:cd /workspace/test_proj && cargo run
```
=== | INFO     | agent_utils:log_info:56 - [Progress]: Turn 8/65, Cost: $0.192492/$4.00
=== | INFO     | agent_utils:log_info:56 - [Cost Info]: Turn cost: $0.032685, Total cost: $0.225177
=== | INFO     | agent_utils:log_info:56 - [Token Info]: Prompt: 9710, Completion: 237, Total: 9947
=== | INFO     | agent_utils:log_info:56 - [Function Result]:
EXECUTION RESULT of [execute_bash]:
stderr:
warning: `/root/.cargo/config` is deprecated in favor of `config.toml`
note: if you need to support cargo 1.38 or earlier, you can symlink `config` to `config.toml`
 Downloading crates ...
  Downloaded atty v0.2.14
  Downloaded proc-macro-error-attr v1.0.4
  Downloaded strsim v0.10.0
  Downloaded bitflags v1.3.2
  Downloaded proc-macro-error v1.0.4
  Downloaded indexmap v1.9.3
  Downloaded termcolor v1.4.1
  Downloaded version_check v0.9.5
  Downloaded vec_map v0.8.2
  Downloaded os_str_bytes v3.1.0
  Downloaded heck v0.3.3
  Downloaded textwrap v0.14.2
  Downloaded hashbrown v0.12.3
  Downloaded unicode-segmentation v1.12.0
  Downloaded syn v1.0.109
  Downloaded unicode-width v0.1.14
   Compiling proc-macro2 v1.0.95
   Compiling version_check v0.9.5
   Compiling unicode-ident v1.0.18
   Compiling syn v1.0.109
   Compiling autocfg v1.5.0
   Compiling libc v0.2.174
   Compiling unicode-segmentation v1.12.0
   Compiling hashbrown v0.12.3
   Compiling unicode-width v0.1.14
   Compiling lazy_static v1.5.0
   Compiling vec_map v0.8.2
   Compiling strsim v0.10.0
   Compiling bitflags v1.3.2
   Compiling termcolor v1.4.1
   Compiling os_str_bytes v3.1.0
   Compiling proc-macro-error-attr v1.0.4
   Compiling proc-macro-error v1.0.4
   Compiling textwrap v0.14.2
   Compiling indexmap v1.9.3
   Compiling heck v0.3.3
   Compiling quote v1.0.40
   Compiling atty v0.2.14
   Compiling clap_derive v3.0.0-beta.2 (/workspace/clap-rs__clap__0.1/clap_derive)
   Compiling clap v3.0.0-beta.2 (/workspace/clap-rs__clap__0.1)
   Compiling test_proj v0.1.0 (/workspace/test_proj)
error[E0277]: the trait bound `Config: clap::Args` is not satisfied
 --> src/main.rs:6:12
  |
6 |     Config(Config),
  |            ^^^^^^ the trait `clap::Args` is not implemented for `Config`
  |
  = help: the trait `clap::Args` is implemented for `Box<T>`

For more information about this error, try `rustc --explain E0277`.
error: could not compile `test_proj` (bin "test_proj") due to 2 previous errors
[Current working directory: /workspace
Command finished with exit code: 101]
=== | INFO     | agent_utils:log_info:56 - ====================================================================================================
=== | INFO     | agent_utils:log_info:56 - [LLM Response]:
I see the issue. The `Config` enum needs to derive `Args` instead of `Clap` when used as a field in another enum. Let me fix the test code:

```
function:str_replace
file_path:/workspace/test_proj/src/main.rs
old_str:
use clap::Clap;

#[derive(Clap)]
enum App {
    Build,
    Config(Config),
}

#[derive(Clap)]
enum Config {
    Show,
    Edit,
}

fn main() {
    App::parse_from(&["app", "config"]);
}
new_str:
use clap::{Clap, Args};

#[derive(Clap)]
enum App {
    Build,
    Config(Config),
}

#[derive(Args)]
enum Config {
    Show,
    Edit,
}

fn main() {
    App::parse_from(&["app", "config"]);
}
```
=== | INFO     | agent_utils:log_info:56 - [Progress]: Turn 9/65, Cost: $0.225177/$4.00
=== | INFO     | agent_utils:log_info:56 - [Cost Info]: Turn cost: $0.030474, Total cost: $0.255651
=== | INFO     | agent_utils:log_info:56 - [Token Info]: Prompt: 9993, Completion: 33, Total: 10026
=== | INFO     | agent_utils:log_info:56 - [Function Result]:
EXECUTION RESULT of [str_replace]:
Successfully replaced string in file: /workspace/test_proj/src/main.rs
=== | INFO     | agent_utils:log_info:56 - ====================================================================================================
=== | INFO     | agent_utils:log_info:56 - [LLM Response]:
Let me try running it again:

```
function:execute_bash
cmd:cd /workspace/test_proj && cargo run
```
=== | INFO     | agent_utils:log_info:56 - [Progress]: Turn 10/65, Cost: $0.255651/$4.00
=== | INFO     | agent_utils:log_info:56 - [Cost Info]: Turn cost: $0.031689, Total cost: $0.287340
=== | INFO     | agent_utils:log_info:56 - [Token Info]: Prompt: 10248, Completion: 63, Total: 10311
=== | INFO     | agent_utils:log_info:56 - [Function Result]:
EXECUTION RESULT of [execute_bash]:
stderr:
warning: `/root/.cargo/config` is deprecated in favor of `config.toml`
note: if you need to support cargo 1.38 or earlier, you can symlink `config` to `config.toml`
   Compiling test_proj v0.1.0 (/workspace/test_proj)
error: `#[derive(Args)]` only supports non-tuple structs
 --> src/main.rs:9:10
  |
9 | #[derive(Args)]
  |          ^^^^
  |
  = note: this error originates in the derive macro `Args` (in Nightly builds, run with -Z macro-backtrace for more info)

error: could not compile `test_proj` (bin "test_proj") due to 1 previous error
[Current working directory: /workspace
Command finished with exit code: 101]
=== | INFO     | agent_utils:log_info:56 - ====================================================================================================
=== | INFO     | agent_utils:log_info:56 - [LLM Response]:
I see the issue now. Let me look at some clap examples to understand the correct way to structure this. Let me check the examples directory:

```
function:execute_bash
cmd:ls /workspace/clap-rs__clap__0.1/examples
```
=== | INFO     | agent_utils:log_info:56 - [Progress]: Turn 11/65, Cost: $0.287340/$4.00
=== | INFO     | agent_utils:log_info:56 - [Cost Info]: Turn cost: $0.032442, Total cost: $0.319782
=== | INFO     | agent_utils:log_info:56 - [Token Info]: Prompt: 10539, Completion: 55, Total: 10594
=== | INFO     | agent_utils:log_info:56 - [Function Result]:
EXECUTION RESULT of [execute_bash]:
01a_quick_example.rs
01b_quick_example.rs
01c_quick_example.rs
02_apps.rs
03_args.rs
04_using_matches.rs
05_flag_args.rs
06_positional_args.rs
07_option_args.rs
08_subcommands.rs
09_auto_version.rs
10_default_values.rs
11_only_specific_values.rs
12_typed_values.rs
13_enum_values.rs
14_groups.rs
15_custom_validator.rs
16_app_settings.rs
17_yaml.rs
17_yaml.yaml
18_builder_macro.rs
19_auto_authors.rs
20_subcommands.rs
21_aliases.rs
22_stop_parsing_with_--.rs
23_flag_subcommands_pacman.rs
[Current working directory: /workspace
Command finished with exit code: 0]
=== | INFO     | agent_utils:log_info:56 - ====================================================================================================
=== | INFO     | agent_utils:log_info:56 - [LLM Response]:
Let me check the subcommands example to understand the correct structure:

```
function:execute_bash
cmd:cat /workspace/clap-rs__clap__0.1/examples/08_subcommands.rs
```
=== | INFO     | agent_utils:log_info:56 - [Progress]: Turn 12/65, Cost: $0.319782/$4.00
=== | INFO     | agent_utils:log_info:56 - [Cost Info]: Turn cost: $0.034683, Total cost: $0.354465
=== | INFO     | agent_utils:log_info:56 - [Token Info]: Prompt: 11311, Completion: 50, Total: 11361
=== | INFO     | agent_utils:log_info:56 - [Function Result]:
EXECUTION RESULT of [execute_bash]:
use clap::{App, Arg};

fn main() {
    // Subcommands function exactly like sub-Apps, because that's exactly what they are. Each
    // instance of a Subcommand can have its own version, author(s), Args, and even its own
    // subcommands.
    //
    // # Help and Version
    // Just like Apps, each subcommand will get its own "help" and "version" flags automatically
    // generated. Also, like Apps, you can override "-V" or "-h" safely and still get "--help" and
    // "--version" auto generated.
    //
    // NOTE: If you specify a subcommand for your App, clap will also autogenerate a "help"
    // subcommand along with "-h" and "--help" (applies to sub-subcommands as well).
    //
    // Just like arg() and args(), subcommands can be specified one at a time via subcommand() or
    // multiple ones at once with a Vec<App> provided to subcommands().
    let matches = App::new("MyApp")
        // Normal App and Arg configuration goes here...
        // In the following example assume we wanted an application which
        // supported an "add" subcommand, this "add" subcommand also took
        // one positional argument of a file to add:
        .subcommand(
            App::new("add") // The name we call argument with
                .about("Adds files to myapp") // The message displayed in "myapp -h"
                // or "myapp help"
                .license("MIT OR Apache-2.0")
                .version("0.1") // Subcommands can have independent version
                .author("Kevin K.") // And authors
                .arg(
                    Arg::new("input") // And their own arguments
                        .about("the file to add")
                        .index(1)
                        .required(true),
                ),
        )
        .get_matches();

    // You can check if a subcommand was used like normal
    if matches.is_present("add") {
        println!("'myapp add' was run.");
    }

    // You can get the independent subcommand matches (which function exactly like App matches)
    if let Some(ref matches) = matches.subcommand_matches("add") {
        // Safe to use unwrap() because of the required() option
        println!("Adding file: {}", matches.value_of("input").unwrap());
    }

    // You can also match on a subcommand's name
    match matches.subcommand_name() {
        Some("add") => println!("'myapp add' was used"),
        None => println!("No subcommand was used"),
        _ => println!("Some other subcommand was used"),
    }

    // Continued program logic goes here...
}
[Current working directory: /workspace
Command finished with exit code: 0]
=== | INFO     | agent_utils:log_info:56 - ====================================================================================================
=== | INFO     | agent_utils:log_info:56 - [LLM Response]:
Let me check another subcommands example:

```
function:execute_bash
cmd:cat /workspace/clap-rs__clap__0.1/examples/20_subcommands.rs
```
=== | INFO     | agent_utils:log_info:56 - [Progress]: Turn 13/65, Cost: $0.354465/$4.00
=== | INFO     | agent_utils:log_info:56 - [Cost Info]: Turn cost: $0.040473, Total cost: $0.394938
=== | INFO     | agent_utils:log_info:56 - [Token Info]: Prompt: 13141, Completion: 70, Total: 13211
=== | INFO     | agent_utils:log_info:56 - [Function Result]:
EXECUTION RESULT of [execute_bash]:
// Working with subcommands is simple. There are a few key points to remember when working with
// subcommands in clap. First, Subcommands are really just Apps. This means they can have their own
// settings, version, authors, args, and even their own subcommands. The next thing to remember is
// that subcommands are set up in a tree like hierarchy.
//
// An ASCII art depiction may help explain this better. Using a fictional version of git as the demo
// subject. Imagine the following are all subcommands of git (note, the author is aware these aren't
// actually all subcommands in the real git interface, but it makes explanation easier)
//
//            Top Level App (git)                         TOP
//                           |
//    -----------------------------------------
//   /             |                \          \
// clone          push              add       commit      LEVEL 1
//   |           /    \            /    \       |
//  url      origin   remote    ref    name   message     LEVEL 2
//           /                  /\
//        path            remote  local                   LEVEL 3
//
// Given the above fictional subcommand hierarchy, valid runtime uses would be (not an all inclusive
// list):
//
// $ git clone url
// $ git push origin path
// $ git add ref local
// $ git commit message
//
// Notice only one command per "level" may be used. You could not, for example, do:
//
// $ git clone url push origin path
//
// It's also important to know that subcommands each have their own set of matches and may have args
// with the same name as other subcommands in a different part of the tree hierarchy (i.e. the arg
// names aren't in a flat namespace).
//
// In order to use subcommands in clap, you only need to know which subcommand you're at in your
// tree, and which args are defined on that subcommand.
//
// Let's make a quick program to illustrate. We'll be using the same example as above but for
// brevity sake we won't implement all of the subcommands, only a few.

use clap::{App, AppSettings, Arg};

fn main() {
    let matches = App::new("git")
        .about("A fictional versioning CLI")
        .version("1.0")
        .author("Me")
        .subcommand(
            App::new("clone")
                .about("clones repos")
                .license("MIT OR Apache-2.0")
                .arg(Arg::new("repo").about("The repo to clone").required(true)),
        )
        .subcommand(
            App::new("push")
                .about("pushes things")
                .setting(AppSettings::SubcommandRequiredElseHelp)
                .subcommand(
                    App::new("remote") // Subcommands can have their own subcommands,
                        // which in turn have their own subcommands
                        .about("pushes remote things")
                        .arg(
                            Arg::new("repo")
                                .required(true)
                                .about("The remote repo to push things to"),
                        ),
                )
                .subcommand(App::new("local").about("pushes local things")),
        )
        .subcommand(
            App::new("add")
                .about("adds things")
                .author("Someone Else") // Subcommands can list different authors
                .version("v2.0 (I'm versioned differently") // or different version from their parents
                .setting(AppSettings::ArgRequiredElseHelp) // They can even have different settings
                .arg(
                    Arg::new("stuff")
                        .long("stuff")
                        .about("Stuff to add")
                        .takes_value(true)
                        .multiple_values(true),
                ),
        )
        .get_matches();

    // At this point, the matches we have point to git. Keep this in mind...

    // You can check if one of git's subcommands was used
    if matches.is_present("clone") {
        println!("'git clone' was run.");
    }

    // You can see which subcommand was used
    if let Some(subcommand) = matches.subcommand_name() {
        println!("'git {}' was used", subcommand);

        // It's important to note, this *only* check's git's DIRECT children, **NOT** it's
        // grandchildren, great grandchildren, etc.
        //
        // i.e. if the command `git push remove --stuff foo` was run, the above will only print out,
        // `git push` was used. We'd need to get push's matches to see further into the tree
    }

    // An alternative to checking the name is matching on known names. Again notice that only the
    // direct children are matched here.
    match matches.subcommand_name() {
        Some("clone") => println!("'git clone' was used"),
        Some("push") => println!("'git push' was used"),
        Some("add") => println!("'git add' was used"),
        None => println!("No subcommand was used"),
        _ => unreachable!(), // Assuming you've listed all direct children above, this is unreachable
    }

    // You could get the independent subcommand matches, although this is less common
    if let Some(clone_matches) = matches.subcommand_matches("clone") {
        // Now we have a reference to clone's matches
        println!("Cloning repo: {}", clone_matches.value_of("repo").unwrap());
    }

    // The most common way to handle subcommands is via a combined approach using
    // `ArgMatches::subcommand` which returns a tuple of both the name and matches
    match matches.subcommand() {
        Some(("clone", clone_matches)) => {
            // Now we have a reference to clone's matches
            println!("Cloning {}", clone_matches.value_of("repo").unwrap());
        }
        Some(("push", push_matches)) => {
            // Now we have a reference to push's matches
            match push_matches.subcommand() {
                Some(("remote", remote_matches)) => {
                    // Now we have a reference to remote's matches
                    println!("Pushing to {}", remote_matches.value_of("repo").unwrap());
                }
                Some(("local", _)) => {
                    println!("'git push local' was used");
                }
                _ => unreachable!(),
            }
        }
        Some(("add", add_matches)) => {
            // Now we have a reference to add's matches
            println!(
                "Adding {}",
                add_matches
                    .values_of("stuff")
                    .unwrap()
                    .collect::<Vec<_>>()
                    .join(", ")
            );
        }
        None => println!("No subcommand was used"), // If no subcommand was used it'll match the tuple ("", None)
        _ => unreachable!(), // If all subcommands are defined above, anything else is unreachabe!()
    }

    // Continued program logic goes here...
}
[Current working directory: /workspace
Command finished with exit code: 0]
=== | INFO     | agent_utils:log_info:56 - ====================================================================================================
=== | INFO     | agent_utils:log_info:56 - [LLM Response]:
Let me look for derive examples to understand the correct structure for enum subcommands:

```
function:execute_bash
cmd:find /workspace/clap-rs__clap__0.1 -name "*.rs" -exec grep -l "derive.*Clap" {} \;
```
=== | INFO     | agent_utils:log_info:56 - [Progress]: Turn 14/65, Cost: $0.394938/$4.00
=== | INFO     | agent_utils:log_info:56 - [Cost Info]: Turn cost: $0.048378, Total cost: $0.443316
=== | INFO     | agent_utils:log_info:56 - [Token Info]: Prompt: 15836, Completion: 58, Total: 15894
=== | INFO     | agent_utils:log_info:56 - [Function Result]:
EXECUTION RESULT of [execute_bash]:
/workspace/clap-rs__clap__0.1/src/lib.rs
/workspace/clap-rs__clap__0.1/src/derive.rs
/workspace/clap-rs__clap__0.1/clap_derive/src/utils/doc_comments.rs
/workspace/clap-rs__clap__0.1/clap_derive/src/lib.rs
/workspace/clap-rs__clap__0.1/clap_derive/src/derives/clap.rs
/workspace/clap-rs__clap__0.1/clap_derive/tests/skip.rs
/workspace/clap-rs__clap__0.1/clap_derive/tests/basic.rs
/workspace/clap-rs__clap__0.1/clap_derive/tests/rename_all_env.rs
/workspace/clap-rs__clap__0.1/clap_derive/tests/subcommands.rs
/workspace/clap-rs__clap__0.1/clap_derive/tests/nested-subcommands.rs
/workspace/clap-rs__clap__0.1/clap_derive/tests/nested.rs
/workspace/clap-rs__clap__0.1/clap_derive/tests/boxed.rs
/workspace/clap-rs__clap__0.1/clap_derive/tests/flags.rs
/workspace/clap-rs__clap__0.1/clap_derive/tests/doc-comments-help.rs
/workspace/clap-rs__clap__0.1/clap_derive/tests/argument_naming.rs
/workspace/clap-rs__clap__0.1/clap_derive/tests/deny-warnings.rs
/workspace/clap-rs__clap__0.1/clap_derive/tests/special_types.rs
/workspace/clap-rs__clap__0.1/clap_derive/tests/default_value.rs
/workspace/clap-rs__clap__0.1/clap_derive/tests/privacy.rs
/workspace/clap-rs__clap__0.1/clap_derive/tests/app_name.rs
/workspace/clap-rs__clap__0.1/clap_derive/tests/author_version_about.rs
/workspace/clap-rs__clap__0.1/clap_derive/tests/options.rs
/workspace/clap-rs__clap__0.1/clap_derive/tests/issues.rs
/workspace/clap-rs__clap__0.1/clap_derive/tests/arguments.rs
/workspace/clap-rs__clap__0.1/clap_derive/tests/arg_enum.rs
/workspace/clap-rs__clap__0.1/clap_derive/tests/raw_bool_literal.rs
/workspace/clap-rs__clap__0.1/clap_derive/tests/flatten.rs
/workspace/clap-rs__clap__0.1/clap_derive/tests/non_literal_attributes.rs
/workspace/clap-rs__clap__0.1/clap_derive/tests/raw_idents.rs
/workspace/clap-rs__clap__0.1/clap_derive/tests/explicit_name_no_renaming.rs
/workspace/clap-rs__clap__0.1/clap_derive/tests/ui/subcommand_and_flatten.rs
/workspace/clap-rs__clap__0.1/clap_derive/tests/ui/flatten_on_subcommand.rs
/workspace/clap-rs__clap__0.1/clap_derive/tests/ui/skip_with_other_options.rs
/workspace/clap-rs__clap__0.1/clap_derive/tests/ui/parse_literal_spec.rs
/workspace/clap-rs__clap__0.1/clap_derive/tests/ui/non_existent_attr.rs
/workspace/clap-rs__clap__0.1/clap_derive/tests/ui/skip_subcommand.rs
/workspace/clap-rs__clap__0.1/clap_derive/tests/ui/positional_bool.rs
/workspace/clap-rs__clap__0.1/clap_derive/tests/ui/clap_empty_attr.rs
/workspace/clap-rs__clap__0.1/clap_derive/tests/ui/flatten_and_methods.rs
/workspace/clap-rs__clap__0.1/clap_derive/tests/ui/skip_without_default.rs
/workspace/clap-rs__clap__0.1/clap_derive/tests/ui/struct_subcommand.rs
/workspace/clap-rs__clap__0.1/clap_derive/tests/ui/enum_flatten.rs
/workspace/clap-rs__clap__0.1/clap_derive/tests/ui/rename_all_wrong_casing.rs
/workspace/clap-rs__clap__0.1/clap_derive/tests/ui/subcommand_opt_opt.rs
/workspace/clap-rs__clap__0.1/clap_derive/tests/ui/subcommand_and_parse.rs
/workspace/clap-rs__clap__0.1/clap_derive/tests/ui/subcommand_opt_vec.rs
/workspace/clap-rs__clap__0.1/clap_derive/tests/ui/enum_variant_not_args.rs
/workspace/clap-rs__clap__0.1/clap_derive/tests/ui/flatten_and_parse.rs
/workspace/clap-rs__clap__0.1/clap_derive/tests/ui/option_default_value.rs
/workspace/clap-rs__clap__0.1/clap_derive/tests/ui/option_required.rs
/workspace/clap-rs__clap__0.1/clap_derive/tests/ui/parse_empty_try_from_os.rs
/workspace/clap-rs__clap__0.1/clap_derive/tests/ui/raw.rs
/workspace/clap-rs__clap__0.1/clap_derive/tests/ui/opt_opt_nonpositional.rs
/workspace/clap-rs__clap__0.1/clap_derive/tests/ui/struct_parse.rs
/workspace/clap-rs__clap__0.1/clap_derive/tests/ui/bool_default_value.rs
/workspace/clap-rs__clap__0.1/clap_derive/tests/ui/parse_function_is_not_path.rs
/workspace/clap-rs__clap__0.1/clap_derive/tests/ui/opt_vec_nonpositional.rs
/workspace/clap-rs__clap__0.1/clap_derive/tests/ui/bool_required.rs
/workspace/clap-rs__clap__0.1/clap_derive/tests/ui/bool_arg_enum.rs
/workspace/clap-rs__clap__0.1/clap_derive/tests/ui/multiple_external_subcommand.rs
/workspace/clap-rs__clap__0.1/clap_derive/tests/ui/external_subcommand_wrong_type.rs
/workspace/clap-rs__clap__0.1/clap_derive/tests/ui/skip_flatten.rs
/workspace/clap-rs__clap__0.1/clap_derive/tests/ui/subcommand_and_methods.rs
/workspace/clap-rs__clap__0.1/clap_derive/tests/ui/tuple_struct.rs
/workspace/clap-rs__clap__0.1/clap_derive/tests/ui/parse_not_zero_args.rs
/workspace/clap-rs__clap__0.1/clap_derive/tests/ui/external_subcommand_misuse.rs
/workspace/clap-rs__clap__0.1/clap_derive/tests/custom-string-parsers.rs
/workspace/clap-rs__clap__0.1/clap_derive/examples/skip.rs
/workspace/clap-rs__clap__0.1/clap_derive/examples/after_help.rs
/workspace/clap-rs__clap__0.1/clap_derive/examples/basic.rs
/workspace/clap-rs__clap__0.1/clap_derive/examples/true_or_false.rs
/workspace/clap-rs__clap__0.1/clap_derive/examples/keyvalue.rs
/workspace/clap-rs__clap__0.1/clap_derive/examples/from_crate.rs
/workspace/clap-rs__clap__0.1/clap_derive/examples/example.rs
/workspace/clap-rs__clap__0.1/clap_derive/examples/negative_flag.rs
/workspace/clap-rs__clap__0.1/clap_derive/examples/at_least_two.rs
/workspace/clap-rs__clap__0.1/clap_derive/examples/env.rs
/workspace/clap-rs__clap__0.1/clap_derive/examples/enum_tuple.rs
/workspace/clap-rs__clap__0.1/clap_derive/examples/arg_enum.rs
/workspace/clap-rs__clap__0.1/clap_derive/examples/rename_all.rs
/workspace/clap-rs__clap__0.1/clap_derive/examples/flatten.rs
/workspace/clap-rs__clap__0.1/clap_derive/examples/deny_missing_docs.rs
/workspace/clap-rs__clap__0.1/clap_derive/examples/git.rs
/workspace/clap-rs__clap__0.1/clap_derive/examples/doc_comments.rs
/workspace/clap-rs__clap__0.1/clap_derive/examples/group.rs
/workspace/clap-rs__clap__0.1/clap_derive/examples/subcommand_aliases.rs
/workspace/clap-rs__clap__0.1/clap_derive/examples/value_hints_derive.rs
[Current working directory: /workspace
Command finished with exit code: 0]
=== | INFO     | agent_utils:log_info:56 - ====================================================================================================
=== | INFO     | agent_utils:log_info:56 - [LLM Response]:
Let me check the subcommands test to understand the correct structure:

```
function:execute_bash
cmd:cat /workspace/clap-rs__clap__0.1/clap_derive/tests/subcommands.rs
```
=== | INFO     | agent_utils:log_info:56 - [Progress]: Turn 15/65, Cost: $0.443316/$4.00
=== | INFO     | agent_utils:log_info:56 - [Cost Info]: Turn cost: $0.057381, Total cost: $0.500697
=== | INFO     | agent_utils:log_info:56 - [Token Info]: Prompt: 18497, Completion: 126, Total: 18623
=== | INFO     | agent_utils:log_info:56 - [Function Result]:
EXECUTION RESULT of [execute_bash]:
// Copyright 2018 Guillaume Pinot (@TeXitoi) <texitoi@texitoi.eu>,
// Kevin Knapp (@kbknapp) <kbknapp@gmail.com>, and
// Andrew Hobden (@hoverbear) <andrew@hoverbear.org>
//
// Licensed under the Apache License, Version 2.0 <LICENSE-APACHE or
// http://www.apache.org/licenses/LICENSE-2.0> or the MIT license
// <LICENSE-MIT or http://opensource.org/licenses/MIT>, at your
// option. This file may not be copied, modified, or distributed
// except according to those terms.
//
// This work was derived from Structopt (https://github.com/TeXitoi/structopt)
// commit#ea76fa1b1b273e65e3b0b1046643715b49bec51f which is licensed under the
// MIT/Apache 2.0 license.

mod utils;

use clap::Clap;
use utils::*;

#[derive(Clap, PartialEq, Debug)]
enum Opt {
    /// Fetch stuff from GitHub
    Fetch {
        #[clap(long)]
        all: bool,
        #[clap(short, long)]
        /// Overwrite local branches.
        force: bool,
        repo: String,
    },

    Add {
        #[clap(short, long)]
        interactive: bool,
        #[clap(short, long)]
        verbose: bool,
    },
}

#[test]
fn test_fetch() {
    assert_eq!(
        Opt::Fetch {
            all: true,
            force: false,
            repo: "origin".to_string()
        },
        Opt::parse_from(&["test", "fetch", "--all", "origin"])
    );
    assert_eq!(
        Opt::Fetch {
            all: false,
            force: true,
            repo: "origin".to_string()
        },
        Opt::parse_from(&["test", "fetch", "-f", "origin"])
    );
}

#[test]
fn test_add() {
    assert_eq!(
        Opt::Add {
            interactive: false,
            verbose: false
        },
        Opt::parse_from(&["test", "add"])
    );
    assert_eq!(
        Opt::Add {
            interactive: true,
            verbose: true
        },
        Opt::parse_from(&["test", "add", "-i", "-v"])
    );
}

#[test]
fn test_no_parse() {
    let result = Opt::try_parse_from(&["test", "badcmd", "-i", "-v"]);
    assert!(result.is_err());

    let result = Opt::try_parse_from(&["test", "add", "--badoption"]);
    assert!(result.is_err());

    let result = Opt::try_parse_from(&["test"]);
    assert!(result.is_err());
}

#[derive(Clap, PartialEq, Debug)]
enum Opt2 {
    DoSomething { arg: String },
}

#[test]
/// This test is specifically to make sure that hyphenated subcommands get
/// processed correctly.
fn test_hyphenated_subcommands() {
    assert_eq!(
        Opt2::DoSomething {
            arg: "blah".to_string()
        },
        Opt2::parse_from(&["test", "do-something", "blah"])
    );
}

#[derive(Clap, PartialEq, Debug)]
enum Opt3 {
    Add,
    Init,
    Fetch,
}

#[test]
fn test_null_commands() {
    assert_eq!(Opt3::Add, Opt3::parse_from(&["test", "add"]));
    assert_eq!(Opt3::Init, Opt3::parse_from(&["test", "init"]));
    assert_eq!(Opt3::Fetch, Opt3::parse_from(&["test", "fetch"]));
}

#[derive(Clap, PartialEq, Debug)]
#[clap(about = "Not shown")]
struct Add {
    file: String,
}
/// Not shown
#[derive(Clap, PartialEq, Debug)]
struct Fetch {
    remote: String,
}
#[derive(Clap, PartialEq, Debug)]
enum Opt4 {
    // Not shown
    /// Add a file
    Add(Add),
    Init,
    /// download history from remote
    Fetch(Fetch),
}

#[test]
fn test_tuple_commands() {
    assert_eq!(
        Opt4::Add(Add {
            file: "f".to_string()
        }),
        Opt4::parse_from(&["test", "add", "f"])
    );
    assert_eq!(Opt4::Init, Opt4::parse_from(&["test", "init"]));
    assert_eq!(
        Opt4::Fetch(Fetch {
            remote: "origin".to_string()
        }),
        Opt4::parse_from(&["test", "fetch", "origin"])
    );

    let output = get_long_help::<Opt4>();

    assert!(output.contains("download history from remote"));
    assert!(output.contains("Add a file"));
    assert!(!output.contains("Not shown"));
}

#[test]
fn global_passed_down() {
    #[derive(Debug, PartialEq, Clap)]
    struct Opt {
        #[clap(global = true, long)]
        other: bool,
        #[clap(subcommand)]
        sub: Subcommands,
    }

    #[derive(Debug, PartialEq, Clap)]
    enum Subcommands {
        Add,
        Global(GlobalCmd),
    }

    #[derive(Debug, PartialEq, Clap)]
    struct GlobalCmd {
        #[clap(from_global)]
        other: bool,
    }

    assert_eq!(
        Opt::parse_from(&["test", "global"]),
        Opt {
            other: false,
            sub: Subcommands::Global(GlobalCmd { other: false })
        }
    );

    assert_eq!(
        Opt::parse_from(&["test", "global", "--other"]),
        Opt {
            other: true,
            sub: Subcommands::Global(GlobalCmd { other: true })
        }
    );

... [Truncated 41 lines of output] ...


#[test]
fn external_subcommand_os_string() {
    use std::ffi::OsString;

    #[derive(Debug, PartialEq, Clap)]
    struct Opt {
        #[clap(subcommand)]
        sub: Subcommands,
    }

    #[derive(Debug, PartialEq, Clap)]
    enum Subcommands {
        #[clap(external_subcommand)]
        Other(Vec<OsString>),
    }

    assert_eq!(
        Opt::try_parse_from(&["test", "git", "status"]).unwrap(),
        Opt {
            sub: Subcommands::Other(vec!["git".into(), "status".into()])
        }
    );

    assert!(Opt::try_parse_from(&["test"]).is_err());
}

#[test]
fn external_subcommand_optional() {
    #[derive(Debug, PartialEq, Clap)]
    struct Opt {
        #[clap(subcommand)]
        sub: Option<Subcommands>,
    }

    #[derive(Debug, PartialEq, Clap)]
    enum Subcommands {
        #[clap(external_subcommand)]
        Other(Vec<String>),
    }

    assert_eq!(
        Opt::try_parse_from(&["test", "git", "status"]).unwrap(),
        Opt {
            sub: Some(Subcommands::Other(vec!["git".into(), "status".into()]))
        }
    );

    assert_eq!(Opt::try_parse_from(&["test"]).unwrap(), Opt { sub: None });
}

// #[test]
// #[ignore] // FIXME (@CreepySkeleton)
// fn enum_in_enum_subsubcommand() {
//     #[derive(Clap, Debug, PartialEq)]
//     pub enum Opt {
//         Daemon(DaemonCommand),
//     }

//     #[derive(Clap, Debug, PartialEq)]
//     pub enum DaemonCommand {
//         Start,
//         Stop,
//     }

//     let result = Opt::try_parse_from(&["test"]);
//     assert!(result.is_err());

//     let result = Opt::try_parse_from(&["test", "daemon"]);
//     assert!(result.is_err());

//     let result = Opt::parse_from(&["test", "daemon", "start"]);
//     assert_eq!(Opt::Daemon(DaemonCommand::Start), result);
// }

// WTF??? It tests that `flatten` is essentially a synonym
// for `subcommand`. It's not documented and I doubt it was supposed to
// work this way.
// #[test]
// #[ignore]
// fn flatten_enum() {
//     #[derive(Clap, Debug, PartialEq)]
//     struct Opt {
//         #[clap(flatten)]
//         sub_cmd: SubCmd,
//     }
//     #[derive(Clap, Debug, PartialEq)]
//     enum SubCmd {
//         Foo,
//         Bar,
//     }

//     assert!(Opt::try_parse_from(&["test"]).is_err());
//     assert_eq!(
//         Opt::parse_from(&["test", "foo"]),
//         Opt {
//             sub_cmd: SubCmd::Foo
//         }
//     );
// }
[Info] Output too long (341 lines), kept first 200 and last 100 lines.
[Current working directory: /workspace
Command finished with exit code: 0]
=== | INFO     | agent_utils:log_info:56 - ====================================================================================================
=== | INFO     | agent_utils:log_info:56 - [LLM Response]:
Perfect! Now I can see the correct structure. Looking at the test, I can see that when using enum subcommands, the nested enum should also derive `Clap`, not `Args`. Let me check the specific test case that's commented out - it seems to be exactly the issue we're dealing with:

```
function:execute_bash
cmd:grep -A 20 "enum_in_enum_subsubcommand" /workspace/clap-rs__clap__0.1/clap_derive/tests/subcommands.rs
```
=== | INFO     | agent_utils:log_info:56 - [Progress]: Turn 16/65, Cost: $0.500697/$4.00
=== | INFO     | agent_utils:log_info:56 - [Cost Info]: Turn cost: $0.060285, Total cost: $0.560982
=== | INFO     | agent_utils:log_info:56 - [Token Info]: Prompt: 18865, Completion: 246, Total: 19111
=== | INFO     | agent_utils:log_info:56 - [Function Result]:
EXECUTION RESULT of [execute_bash]:
// fn enum_in_enum_subsubcommand() {
//     #[derive(Clap, Debug, PartialEq)]
//     pub enum Opt {
//         Daemon(DaemonCommand),
//     }

//     #[derive(Clap, Debug, PartialEq)]
//     pub enum DaemonCommand {
//         Start,
//         Stop,
//     }

//     let result = Opt::try_parse_from(&["test"]);
//     assert!(result.is_err());

//     let result = Opt::try_parse_from(&["test", "daemon"]);
//     assert!(result.is_err());

//     let result = Opt::parse_from(&["test", "daemon", "start"]);
//     assert_eq!(Opt::Daemon(DaemonCommand::Start), result);
// }
[Current working directory: /workspace
Command finished with exit code: 0]
=== | INFO     | agent_utils:log_info:56 - ====================================================================================================
=== | INFO     | agent_utils:log_info:56 - [LLM Response]:
Perfect! This is exactly the issue we're dealing with. The test is commented out and marked with "FIXME (@CreepySkeleton)", which means this functionality is broken. Let me update my test to match this structure:

```
function:str_replace
file_path:/workspace/test_proj/src/main.rs
old_str:
use clap::{Clap, Args};

#[derive(Clap)]
enum App {
    Build,
    Config(Config),
}

#[derive(Args)]
enum Config {
    Show,
    Edit,
}

fn main() {
    App::parse_from(&["app", "config"]);
}
new_str:
use clap::Clap;

#[derive(Clap)]
enum App {
    Build,
    Config(Config),
}

#[derive(Clap)]
enum Config {
    Show,
    Edit,
}

fn main() {
    App::parse_from(&["app", "config"]);
}
```
=== | INFO     | agent_utils:log_info:56 - [Progress]: Turn 17/65, Cost: $0.560982/$4.00
=== | INFO     | agent_utils:log_info:56 - [Cost Info]: Turn cost: $0.057984, Total cost: $0.618966
=== | INFO     | agent_utils:log_info:56 - [Token Info]: Prompt: 19143, Completion: 37, Total: 19180
=== | INFO     | agent_utils:log_info:56 - [Function Result]:
EXECUTION RESULT of [str_replace]:
Successfully replaced string in file: /workspace/test_proj/src/main.rs
=== | INFO     | agent_utils:log_info:56 - ====================================================================================================
=== | INFO     | agent_utils:log_info:56 - [LLM Response]:
Now let me run the test to reproduce the issue:

```
function:execute_bash
cmd:cd /workspace/test_proj && cargo run
```
=== | INFO     | agent_utils:log_info:56 - [Progress]: Turn 18/65, Cost: $0.618966/$4.00
=== | INFO     | agent_utils:log_info:56 - [Cost Info]: Turn cost: $0.059739, Total cost: $0.678705
=== | INFO     | agent_utils:log_info:56 - [Token Info]: Prompt: 19423, Completion: 98, Total: 19521
=== | INFO     | agent_utils:log_info:56 - [Function Result]:
EXECUTION RESULT of [execute_bash]:
stderr:
warning: `/root/.cargo/config` is deprecated in favor of `config.toml`
note: if you need to support cargo 1.38 or earlier, you can symlink `config` to `config.toml`
   Compiling test_proj v0.1.0 (/workspace/test_proj)
error[E0277]: the trait bound `Config: clap::Args` is not satisfied
 --> src/main.rs:6:12
  |
6 |     Config(Config),
  |            ^^^^^^ the trait `clap::Args` is not implemented for `Config`
  |
  = help: the trait `clap::Args` is implemented for `Box<T>`

For more information about this error, try `rustc --explain E0277`.
error: could not compile `test_proj` (bin "test_proj") due to 2 previous errors
[Current working directory: /workspace
Command finished with exit code: 101]
=== | INFO     | agent_utils:log_info:56 - ====================================================================================================
=== | INFO     | agent_utils:log_info:56 - [LLM Response]:
I see the issue now. The derive macro expects `Config` to implement `Args` when used as a tuple variant, but `Config` derives `Clap`. Let me look at the derive implementation to understand how this should work:

```
function:execute_bash
cmd:cat /workspace/clap-rs__clap__0.1/clap_derive/src/derives/clap.rs | head -50
```
=== | INFO     | agent_utils:log_info:56 - [Progress]: Turn 19/65, Cost: $0.678705/$4.00
=== | INFO     | agent_utils:log_info:56 - [Cost Info]: Turn cost: $0.061434, Total cost: $0.740139
=== | INFO     | agent_utils:log_info:56 - [Token Info]: Prompt: 20148, Completion: 66, Total: 20214
=== | INFO     | agent_utils:log_info:56 - [Function Result]:
EXECUTION RESULT of [execute_bash]:
// Copyright 2018 Guillaume Pinot (@TeXitoi) <texitoi@texitoi.eu>,
// Kevin Knapp (@kbknapp) <kbknapp@gmail.com>, and
// Andrew Hobden (@hoverbear) <andrew@hoverbear.org>
//
// Licensed under the Apache License, Version 2.0 <LICENSE-APACHE or
// http://www.apache.org/licenses/LICENSE-2.0> or the MIT license
// <LICENSE-MIT or http://opensource.org/licenses/MIT>, at your
// option. This file may not be copied, modified, or distributed
// except according to those terms.
//
// This work was derived from Structopt (https://github.com/TeXitoi/structopt)
// commit#ea76fa1b1b273e65e3b0b1046643715b49bec51f which is licensed under the
// MIT/Apache 2.0 license.

use crate::{
    derives::{args, into_app, subcommand},
    dummies,
};

use proc_macro2::TokenStream;
use proc_macro_error::abort_call_site;
use quote::quote;
use syn::{
    self, punctuated::Punctuated, token::Comma, Attribute, Data, DataEnum, DataStruct, DeriveInput,
    Field, Fields, Ident,
};

pub fn derive_clap(input: &DeriveInput) -> TokenStream {
    let ident = &input.ident;

    match input.data {
        Data::Struct(DataStruct {
            fields: Fields::Named(ref fields),
            ..
        }) => {
            dummies::clap_struct(ident);
            gen_for_struct(ident, &fields.named, &input.attrs)
        }
        Data::Struct(DataStruct {
            fields: Fields::Unit,
            ..
        }) => {
            dummies::clap_struct(ident);
            gen_for_struct(ident, &Punctuated::<Field, Comma>::new(), &input.attrs)
        }
        Data::Enum(ref e) => {
            dummies::clap_enum(ident);
            gen_for_enum(ident, &input.attrs, e)
        }
        _ => abort_call_site!("`#[derive(Clap)]` only supports non-tuple structs and enums"),
[Current working directory: /workspace
Command finished with exit code: 0]
=== | INFO     | agent_utils:log_info:56 - ====================================================================================================
=== | INFO     | agent_utils:log_info:56 - [LLM Response]:
Let me look at the enum generation code:

```
function:execute_bash
cmd:grep -A 50 "gen_for_enum" /workspace/clap-rs__clap__0.1/clap_derive/src/derives/clap.rs
```
=== | INFO     | agent_utils:log_info:56 - [Progress]: Turn 20/65, Cost: $0.740139/$4.00
=== | INFO     | agent_utils:log_info:56 - [Cost Info]: Turn cost: $0.062529, Total cost: $0.802668
=== | INFO     | agent_utils:log_info:56 - [Token Info]: Prompt: 20533, Completion: 62, Total: 20595
=== | INFO     | agent_utils:log_info:56 - [Function Result]:
EXECUTION RESULT of [execute_bash]:
            gen_for_enum(ident, &input.attrs, e)
        }
        _ => abort_call_site!("`#[derive(Clap)]` only supports non-tuple structs and enums"),
    }
}

fn gen_for_struct(
    name: &Ident,
    fields: &Punctuated<Field, Comma>,
    attrs: &[Attribute],
) -> TokenStream {
    let into_app = into_app::gen_for_struct(name, attrs);
    let args = args::gen_for_struct(name, fields, attrs);

    quote! {
        impl clap::Clap for #name {}

        #into_app
        #args
    }
}

fn gen_for_enum(name: &Ident, attrs: &[Attribute], e: &DataEnum) -> TokenStream {
    let into_app = into_app::gen_for_enum(name, attrs);
    let subcommand = subcommand::gen_for_enum(name, attrs, e);

    quote! {
        impl clap::Clap for #name {}

        #into_app
        #subcommand
    }
}
[Current working directory: /workspace
Command finished with exit code: 0]
=== | INFO     | agent_utils:log_info:56 - ====================================================================================================
=== | INFO     | agent_utils:log_info:56 - [LLM Response]:
Now let me look at the subcommand generation code:

```
function:execute_bash
cmd:cat /workspace/clap-rs__clap__0.1/clap_derive/src/derives/subcommand.rs | head -100
```
=== | INFO     | agent_utils:log_info:56 - [Progress]: Turn 21/65, Cost: $0.802668/$4.00
=== | INFO     | agent_utils:log_info:56 - [Cost Info]: Turn cost: $0.066582, Total cost: $0.869250
=== | INFO     | agent_utils:log_info:56 - [Token Info]: Prompt: 21784, Completion: 82, Total: 21866
=== | INFO     | agent_utils:log_info:56 - [Function Result]:
EXECUTION RESULT of [execute_bash]:
// Copyright 2018 Guillaume Pinot (@TeXitoi) <texitoi@texitoi.eu>,
// Kevin Knapp (@kbknapp) <kbknapp@gmail.com>, and
// Andrew Hobden (@hoverbear) <andrew@hoverbear.org>
//
// Licensed under the Apache License, Version 2.0 <LICENSE-APACHE or
// http://www.apache.org/licenses/LICENSE-2.0> or the MIT license
// <LICENSE-MIT or http://opensource.org/licenses/MIT>, at your
// option. This file may not be copied, modified, or distributed
// except according to those terms.
//
// This work was derived from Structopt (https://github.com/TeXitoi/structopt)
// commit#ea76fa1b1b273e65e3b0b1046643715b49bec51f which is licensed under the
// MIT/Apache 2.0 license.
use crate::{
    attrs::{Attrs, Kind, Name, DEFAULT_CASING, DEFAULT_ENV_CASING},
    derives::args,
    dummies,
    utils::{is_simple_ty, subty_if_name, Sp},
};

use proc_macro2::{Ident, Span, TokenStream};
use proc_macro_error::{abort, abort_call_site};
use quote::{quote, quote_spanned};
use syn::{
    punctuated::Punctuated, spanned::Spanned, Attribute, Data, DataEnum, DeriveInput,
    FieldsUnnamed, Token, Variant,
};

pub fn derive_subcommand(input: &DeriveInput) -> TokenStream {
    let ident = &input.ident;

    dummies::subcommand(ident);

    match input.data {
        Data::Enum(ref e) => gen_for_enum(ident, &input.attrs, e),
        _ => abort_call_site!("`#[derive(Subcommand)]` only supports enums"),
    }
}

pub fn gen_for_enum(enum_name: &Ident, attrs: &[Attribute], e: &DataEnum) -> TokenStream {
    let from_arg_matches = gen_from_arg_matches_for_enum(enum_name, attrs, e);

    let attrs = Attrs::from_struct(
        Span::call_site(),
        attrs,
        Name::Derived(enum_name.clone()),
        Sp::call_site(DEFAULT_CASING),
        Sp::call_site(DEFAULT_ENV_CASING),
    );
    let augmentation = gen_augment(&e.variants, &attrs, false);
    let augmentation_update = gen_augment(&e.variants, &attrs, true);

    quote! {
        #from_arg_matches

        #[allow(dead_code, unreachable_code, unused_variables)]
        #[allow(
            clippy::style,
            clippy::complexity,
            clippy::pedantic,
            clippy::restriction,
            clippy::perf,
            clippy::deprecated,
            clippy::nursery,
            clippy::cargo
        )]
        #[deny(clippy::correctness)]
        impl clap::Subcommand for #enum_name {
            fn augment_subcommands <'b>(app: clap::App<'b>) -> clap::App<'b> {
                #augmentation
            }
            fn augment_subcommands_for_update <'b>(app: clap::App<'b>) -> clap::App<'b> {
                #augmentation_update
            }
        }
    }
}

fn gen_from_arg_matches_for_enum(name: &Ident, attrs: &[Attribute], e: &DataEnum) -> TokenStream {
    let attrs = Attrs::from_struct(
        Span::call_site(),
        attrs,
        Name::Derived(name.clone()),
        Sp::call_site(DEFAULT_CASING),
        Sp::call_site(DEFAULT_ENV_CASING),
    );

    let from_arg_matches = gen_from_arg_matches(name, &e.variants, &attrs);
    let update_from_arg_matches = gen_update_from_arg_matches(name, &e.variants, &attrs);

    quote! {
        #[allow(dead_code, unreachable_code, unused_variables)]
        #[allow(
            clippy::style,
            clippy::complexity,
            clippy::pedantic,
            clippy::restriction,
            clippy::perf,
            clippy::deprecated,
            clippy::nursery,
[Current working directory: /workspace
Command finished with exit code: 0]
=== | INFO     | agent_utils:log_info:56 - ====================================================================================================
=== | INFO     | agent_utils:log_info:56 - [LLM Response]:
Let me look at the gen_from_arg_matches function to understand how it handles tuple variants:

```
function:execute_bash
cmd:grep -A 100 "fn gen_from_arg_matches" /workspace/clap-rs__clap__0.1/clap_derive/src/derives/subcommand.rs
```
=== | INFO     | agent_utils:log_info:56 - [Progress]: Turn 22/65, Cost: $0.869250/$4.00
=== | INFO     | agent_utils:log_info:56 - [Cost Info]: Turn cost: $0.074406, Total cost: $0.943656
=== | INFO     | agent_utils:log_info:56 - [Token Info]: Prompt: 23882, Completion: 184, Total: 24066
=== | INFO     | agent_utils:log_info:56 - [Function Result]:
EXECUTION RESULT of [execute_bash]:
fn gen_from_arg_matches_for_enum(name: &Ident, attrs: &[Attribute], e: &DataEnum) -> TokenStream {
    let attrs = Attrs::from_struct(
        Span::call_site(),
        attrs,
        Name::Derived(name.clone()),
        Sp::call_site(DEFAULT_CASING),
        Sp::call_site(DEFAULT_ENV_CASING),
    );

    let from_arg_matches = gen_from_arg_matches(name, &e.variants, &attrs);
    let update_from_arg_matches = gen_update_from_arg_matches(name, &e.variants, &attrs);

    quote! {
        #[allow(dead_code, unreachable_code, unused_variables)]
        #[allow(
            clippy::style,
            clippy::complexity,
            clippy::pedantic,
            clippy::restriction,
            clippy::perf,
            clippy::deprecated,
            clippy::nursery,
            clippy::cargo
        )]
        #[deny(clippy::correctness)]
        impl clap::FromArgMatches for #name {
            #from_arg_matches
            #update_from_arg_matches
        }
    }
}

fn gen_augment(
    variants: &Punctuated<Variant, Token![,]>,
    parent_attribute: &Attrs,
    override_required: bool,
) -> TokenStream {
    use syn::Fields::*;

    let subcommands: Vec<_> = variants
        .iter()
        .map(|variant| {
            let attrs = Attrs::from_struct(
                variant.span(),
                &variant.attrs,
                Name::Derived(variant.ident.clone()),
                parent_attribute.casing(),
                parent_attribute.env_casing(),
            );
            let kind = attrs.kind();

            match &*kind {
                Kind::ExternalSubcommand => {
                    quote_spanned! { kind.span()=>
                        let app = app.setting(clap::AppSettings::AllowExternalSubcommands);
                    }
                }

                Kind::Flatten => match variant.fields {
                    Unnamed(FieldsUnnamed { ref unnamed, .. }) if unnamed.len() == 1 => {
                        let ty = &unnamed[0];
                        quote! {
                            let app = <#ty as clap::Subcommand>::augment_subcommands(app);
                        }
                    }
                    _ => abort!(
                        variant,
                        "`flatten` is usable only with single-typed tuple variants"
                    ),
                },

                _ => {
                    let app_var = Ident::new("subcommand", Span::call_site());
                    let arg_block = match variant.fields {
                        Named(ref fields) => {
                            args::gen_augment(&fields.named, &app_var, &attrs, override_required)
                        }
                        Unit => quote!( #app_var ),
                        Unnamed(FieldsUnnamed { ref unnamed, .. }) if unnamed.len() == 1 => {
                            let ty = &unnamed[0];
                            quote_spanned! { ty.span()=>
                                {
                                    <#ty as clap::Args>::augment_args(#app_var)
                                }
                            }
                        }
                        Unnamed(..) => {
                            abort!(variant, "non single-typed tuple enums are not supported")
                        }
                    };

                    let name = attrs.cased_name();
                    let from_attrs = attrs.top_level_methods();
                    let version = attrs.version();
                    quote! {
                        let app = app.subcommand({
                            let #app_var = clap::App::new(#name);
                            let #app_var = #arg_block;
                            #app_var#from_attrs#version
                        });
                    }
--
fn gen_from_arg_matches(
    name: &Ident,
    variants: &Punctuated<Variant, Token![,]>,
    parent_attribute: &Attrs,
) -> TokenStream {
    use syn::Fields::*;

    let mut ext_subcmd = None;

    let (flatten_variants, variants): (Vec<_>, Vec<_>) = variants
        .iter()
        .filter_map(|variant| {
            let attrs = Attrs::from_struct(
                variant.span(),
                &variant.attrs,
                Name::Derived(variant.ident.clone()),
                parent_attribute.casing(),
                parent_attribute.env_casing(),
            );

            if let Kind::ExternalSubcommand = &*attrs.kind() {
                if ext_subcmd.is_some() {
                    abort!(
                        attrs.kind().span(),
                        "Only one variant can be marked with `external_subcommand`, \
                         this is the second"
                    );
                }

                let ty = match variant.fields {
                    Unnamed(ref fields) if fields.unnamed.len() == 1 => &fields.unnamed[0].ty,

                    _ => abort!(
                        variant,
                        "The enum variant marked with `external_attribute` must be \
                         a single-typed tuple, and the type must be either `Vec<String>` \
                         or `Vec<OsString>`."
                    ),
                };

                let (span, str_ty, values_of) = match subty_if_name(ty, "Vec") {
                    Some(subty) => {
                        if is_simple_ty(subty, "String") {
                            (
                                subty.span(),
                                quote!(::std::string::String),
                                quote!(values_of),
                            )
                        } else if is_simple_ty(subty, "OsString") {
                            (
                                subty.span(),
                                quote!(::std::ffi::OsString),
                                quote!(values_of_os),
                            )
                        } else {
                            abort!(
                                ty.span(),
                                "The type must be either `Vec<String>` or `Vec<OsString>` \
                                 to be used with `external_subcommand`."
                            );
                        }
                    }

                    None => abort!(
                        ty.span(),
                        "The type must be either `Vec<String>` or `Vec<OsString>` \
                         to be used with `external_subcommand`."
                    ),
                };

                ext_subcmd = Some((span, &variant.ident, str_ty, values_of));
                None
            } else {
                Some((variant, attrs))
            }
        })
        .partition(|(_, attrs)| {
            let kind = attrs.kind();
            matches!(&*kind, Kind::Flatten)
        });

    let match_arms = variants.iter().map(|(variant, attrs)| {
        let sub_name = attrs.cased_name();
        let variant_name = &variant.ident;
        let constructor_block = match variant.fields {
            Named(ref fields) => args::gen_constructor(&fields.named, attrs),
            Unit => quote!(),
            Unnamed(ref fields) if fields.unnamed.len() == 1 => {
                let ty = &fields.unnamed[0];
                quote!( ( <#ty as clap::FromArgMatches>::from_arg_matches(arg_matches).unwrap() ) )
            }
            Unnamed(..) => abort_call_site!("{}: tuple enums are not supported", variant.ident),
        };

        quote! {
            Some((#sub_name, arg_matches)) => {
                Some(#name :: #variant_name #constructor_block)
            }
        }
    });
    let child_subcommands = flatten_variants.iter().map(|(variant, _attrs)| {
[Current working directory: /workspace
Command finished with exit code: 0]
=== | INFO     | agent_utils:log_info:56 - ====================================================================================================
=== | INFO     | agent_utils:log_info:56 - [LLM Response]:
Now I can see the issue! In the `gen_from_arg_matches` function, when handling `Unnamed` fields with a single type, it calls `<#ty as clap::FromArgMatches>::from_arg_matches(arg_matches).unwrap()`. The problem is that when we have a nested enum like `Config(Config)`, the inner `Config` enum needs to implement `FromArgMatches`, but it's not being generated properly.

Let me look at what traits are implemented for enums that derive `Clap`:

```
function:execute_bash
cmd:grep -A 20 -B 5 "impl.*FromArgMatches" /workspace/clap-rs__clap__0.1/clap_derive/src/derives/subcommand.rs
```
=== | INFO     | agent_utils:log_info:56 - [Progress]: Turn 23/65, Cost: $0.943656/$4.00
=== | INFO     | agent_utils:log_info:56 - [Cost Info]: Turn cost: $0.072522, Total cost: $1.016178
=== | INFO     | agent_utils:log_info:56 - [Token Info]: Prompt: 23499, Completion: 135, Total: 23634
=== | INFO     | agent_utils:log_info:56 - [Function Result]:
EXECUTION RESULT of [execute_bash]:
            clippy::deprecated,
            clippy::nursery,
            clippy::cargo
        )]
        #[deny(clippy::correctness)]
        impl clap::FromArgMatches for #name {
            #from_arg_matches
            #update_from_arg_matches
        }
    }
}

fn gen_augment(
    variants: &Punctuated<Variant, Token![,]>,
    parent_attribute: &Attrs,
    override_required: bool,
) -> TokenStream {
    use syn::Fields::*;

    let subcommands: Vec<_> = variants
        .iter()
        .map(|variant| {
            let attrs = Attrs::from_struct(
                variant.span(),
                &variant.attrs,
                Name::Derived(variant.ident.clone()),
[Current working directory: /workspace
Command finished with exit code: 0]
=== | INFO     | agent_utils:log_info:56 - ====================================================================================================
=== | INFO     | agent_utils:log_info:56 - [LLM Response]:
I can see that the `gen_for_enum` function in subcommand.rs generates `FromArgMatches` implementation for enums. However, when an enum derives `Clap` instead of `Subcommand`, it might not be getting the proper `FromArgMatches` implementation. Let me check what the clap.rs derive generates:

```
function:execute_bash
cmd:grep -A 30 "fn gen_for_enum" /workspace/clap-rs__clap__0.1/clap_derive/src/derives/clap.rs
```
=== | INFO     | agent_utils:log_info:56 - [Progress]: Turn 24/65, Cost: $1.016178/$4.00
=== | INFO     | agent_utils:log_info:56 - [Cost Info]: Turn cost: $0.074496, Total cost: $1.090674
=== | INFO     | agent_utils:log_info:56 - [Token Info]: Prompt: 23762, Completion: 214, Total: 23976
=== | INFO     | agent_utils:log_info:56 - [Function Result]:
EXECUTION RESULT of [execute_bash]:
fn gen_for_enum(name: &Ident, attrs: &[Attribute], e: &DataEnum) -> TokenStream {
    let into_app = into_app::gen_for_enum(name, attrs);
    let subcommand = subcommand::gen_for_enum(name, attrs, e);

    quote! {
        impl clap::Clap for #name {}

        #into_app
        #subcommand
    }
}
[Current working directory: /workspace
Command finished with exit code: 0]
=== | INFO     | agent_utils:log_info:56 - ====================================================================================================
=== | INFO     | agent_utils:log_info:56 - [LLM Response]:
Perfect! I can see that when an enum derives `Clap`, it calls `subcommand::gen_for_enum(name, attrs, e)`, which should generate the `FromArgMatches` implementation. Let me trace through the execution to see where the issue occurs. Let me use the trace function to understand what's happening:

```
function:trace
test_project: /workspace/test_proj
target_project: /workspace/clap-rs__clap__0.1
instrument: /workspace/test_proj/src/main.rs:main
instrument: /workspace/clap-rs__clap__0.1/src/parse/parser.rs:get_matches_with
instrument: /workspace/clap-rs__clap__0.1/src/parse/parser.rs:parse_subcommand
output: /workspace/trace.json
exec: cd /workspace/test_proj && cargo run
```
=== | INFO     | agent_utils:log_info:56 - [Progress]: Turn 25/65, Cost: $1.090674/$4.00
=== | INFO     | agent_utils:log_info:56 - [Cost Info]: Turn cost: $0.080241, Total cost: $1.170915
=== | INFO     | agent_utils:log_info:56 - [Token Info]: Prompt: 26172, Completion: 115, Total: 26287
=== | INFO     | agent_utils:log_info:56 - [Function Result]:
EXECUTION RESULT of [execute_bash]:
Starting complete trace flow execution...
Setting up project environments...
Executing function instrumentation...
instrumented function 'main' in /workspace/test_proj/src/main.rs
instrumented function 'get_matches_with' in /workspace/clap-rs__clap__0.1/src/parse/parser.rs
instrumented function 'parse_subcommand' in /workspace/clap-rs__clap__0.1/src/parse/parser.rs
Executing user command: cd /workspace/test_proj && cargo run
Note: Program exited with runtime error (this may be expected for testing)
Runtime error details:
warning: `/root/.cargo/config` is deprecated in favor of `config.toml`
note: if you need to support cargo 1.38 or earlier, you can symlink `config` to `config.toml`
    Updating crates.io index
     Locking 74 packages to latest Rust 1.88.0 compatible versions
      Adding addr2line v0.24.2
      Adding adler2 v2.0.1
      Adding android-tzdata v0.1.1
      Adding android_system_properties v0.1.5
      Adding backtrace v0.3.75
      Adding bitflags v2.9.1
      Adding bumpalo v3.19.0
      Adding bytes v1.10.1
      Adding cc v1.2.30
      Adding cfg-if v1.0.1
      Adding cfg_aliases v0.2.1
      Adding chrono v0.4.41
      Adding core-foundation-sys v0.8.7
      Adding ctrlc v3.4.7
      Adding gimli v0.31.1
      Adding iana-time-zone v0.1.63
      Adding iana-time-zone-haiku v0.1.2
      Adding io-uring v0.7.8
      Adding itoa v1.0.15
      Adding js-sys v0.3.77
      Adding lock_api v0.4.13
      Adding log v0.4.27
      Adding memchr v2.7.5
      Adding miniz_oxide v0.8.9
      Adding mio v1.0.4
      Adding nix v0.30.1
      Adding nu-ansi-term v0.46.0
      Adding num-traits v0.2.19
      Adding object v0.36.7
      Adding once_cell v1.21.3
      Adding overload v0.1.1
      Adding parking_lot v0.12.4
      Adding parking_lot_core v0.9.11
      Adding pin-project-lite v0.2.16
      Adding redox_syscall v0.5.13
      Adding rustc-demangle v0.1.25
      Adding rustversion v1.0.21
      Adding ryu v1.0.20
      Adding scopeguard v1.2.0
      Adding serde v1.0.219
      Adding serde_derive v1.0.219
      Adding serde_json v1.0.141
      Adding sharded-slab v0.1.7
      Adding shlex v1.3.0
      Adding signal-hook-registry v1.4.5
      Adding slab v0.4.10
      Adding smallvec v1.15.1
      Adding socket2 v0.5.10
      Adding syn v2.0.104
      Adding thread_local v1.1.9
      Adding tokio v1.46.1
      Adding tokio-macros v2.5.0
      Adding trace_common v0.1.0 (/RTAgent/rustforger-tracer/trace_common)
      Adding trace_macro v0.1.0 (/RTAgent/rustforger-tracer/trace_macro)
      Adding trace_runtime v0.1.0 (/RTAgent/rustforger-tracer/trace_runtime)
      Adding tracing v0.1.41
      Adding tracing-attributes v0.1.30
      Adding tracing-core v0.1.34
      Adding tracing-log v0.2.0
      Adding tracing-subscriber v0.3.19
      Adding valuable v0.1.1
      Adding wasi v0.11.1+wasi-snapshot-preview1
      Adding wasm-bindgen v0.2.100
      Adding wasm-bindgen-backend v0.2.100
      Adding wasm-bindgen-macro v0.2.100
      Adding wasm-bindgen-macro-support v0.2.100
      Adding wasm-bindgen-shared v0.2.100
      Adding windows-core v0.61.2
      Adding windows-implement v0.60.0
      Adding windows-interface v0.59.1
      Adding windows-link v0.1.3
      Adding windows-result v0.3.4
      Adding windows-strings v0.4.2
      Adding windows-sys v0.52.0
   Compiling libc v0.2.174
   Compiling cfg-if v1.0.1
   Compiling once_cell v1.21.3
   Compiling serde v1.0.219
   Compiling num-traits v0.2.19
   Compiling lock_api v0.4.13
   Compiling cfg_aliases v0.2.1
   Compiling pin-project-lite v0.2.16
   Compiling parking_lot_core v0.9.11
   Compiling serde_json v1.0.141
   Compiling smallvec v1.15.1
   Compiling itoa v1.0.15
   Compiling scopeguard v1.2.0
   Compiling ryu v1.0.20
   Compiling memchr v2.7.5
   Compiling iana-time-zone v0.1.63
   Compiling log v0.4.27
   Compiling overload v0.1.1
   Compiling bitflags v2.9.1
   Compiling bytes v1.10.1
   Compiling sharded-slab v0.1.7
   Compiling syn v2.0.104
   Compiling nu-ansi-term v0.46.0
   Compiling thread_local v1.1.9
   Compiling nix v0.30.1
   Compiling tracing-core v0.1.34
   Compiling tracing-log v0.2.0
   Compiling tracing-subscriber v0.3.19
   Compiling mio v1.0.4
   Compiling socket2 v0.5.10
   Compiling signal-hook-registry v1.4.5
   Compiling atty v0.2.14
   Compiling parking_lot v0.12.4
   Compiling ctrlc v3.4.7
   Compiling serde_derive v1.0.219
   Compiling tracing-attributes v0.1.30
   Compiling tokio-macros v2.5.0
   Compiling tokio v1.46.1
   Compiling tracing v0.1.41
   Compiling chrono v0.4.41
   Compiling trace_common v0.1.0 (/RTAgent/rustforger-tracer/trace_common)
   Compiling trace_macro v0.1.0 (/RTAgent/rustforger-tracer/trace_macro)
   Compiling trace_runtime v0.1.0 (/RTAgent/rustforger-tracer/trace_runtime)
   Compiling clap v3.0.0-beta.2 (/workspace/clap-rs__clap__0.1)
   Compiling test_proj v0.1.0 (/workspace/test_proj)
error[E0277]: the trait bound `Config: clap::Args` is not satisfied
 --> src/main.rs:7:12
  |
7 |     Config(Config),
  |            ^^^^^^ the trait `clap::Args` is not implemented for `Config`
  |
  = help: the trait `clap::Args` is implemented for `Box<T>`

For more information about this error, try `rustc --explain E0277`.
error: could not compile `test_proj` (bin "test_proj") due to 2 previous errors

Verifying trace output...
Cleanup completed
stderr:
dependency summary:
  added: 3
  skipped: 0
dependency summary:
  added: 3
  skipped: 0
Execution failed: Trace output file does not exist: /workspace/trace.json. Restoring original files...
Error: Failed to execute trace flow

Caused by:
    Trace output file does not exist: /workspace/trace.json
[Current working directory: /workspace
Command finished with exit code: 1]
=== | INFO     | agent_utils:log_info:56 - ====================================================================================================
=== | INFO     | agent_utils:log_info:56 - [LLM Response]:
The compilation is failing, so I can't trace the runtime behavior yet. I need to understand why the derive macro is expecting `Config` to implement `Args` instead of `FromArgMatches`. Let me look at the augment function more closely:

```
function:execute_bash
cmd:grep -A 20 -B 5 "as clap::Args" /workspace/clap-rs__clap__0.1/clap_derive/src/derives/subcommand.rs
```
=== | INFO     | agent_utils:log_info:56 - [Progress]: Turn 26/65, Cost: $1.170915/$4.00
=== | INFO     | agent_utils:log_info:56 - [Cost Info]: Turn cost: $0.081870, Total cost: $1.252785
=== | INFO     | agent_utils:log_info:56 - [Token Info]: Prompt: 26590, Completion: 140, Total: 26730
=== | INFO     | agent_utils:log_info:56 - [Function Result]:
EXECUTION RESULT of [execute_bash]:
                        Unit => quote!( #app_var ),
                        Unnamed(FieldsUnnamed { ref unnamed, .. }) if unnamed.len() == 1 => {
                            let ty = &unnamed[0];
                            quote_spanned! { ty.span()=>
                                {
                                    <#ty as clap::Args>::augment_args(#app_var)
                                }
                            }
                        }
                        Unnamed(..) => {
                            abort!(variant, "non single-typed tuple enums are not supported")
                        }
                    };

                    let name = attrs.cased_name();
                    let from_attrs = attrs.top_level_methods();
                    let version = attrs.version();
                    quote! {
                        let app = app.subcommand({
                            let #app_var = clap::App::new(#name);
                            let #app_var = #arg_block;
                            #app_var#from_attrs#version
                        });
                    }
                }
            }
[Current working directory: /workspace
Command finished with exit code: 0]
=== | INFO     | agent_utils:log_info:56 - ====================================================================================================
=== | INFO     | agent_utils:log_info:56 - [LLM Response]:
I found the issue! In the `gen_augment` function, when handling a single-typed tuple variant, it expects the type to implement `clap::Args` for the app building phase. However, an enum that derives `Clap` implements `Subcommand`, not `Args`.

Let me also check how the parsing works:

```
function:execute_bash
cmd:grep -A 10 -B 5 "as clap::FromArgMatches" /workspace/clap-rs__clap__0.1/clap_derive/src/derives/subcommand.rs
```
=== | INFO     | agent_utils:log_info:56 - [Progress]: Turn 27/65, Cost: $1.252785/$4.00
=== | INFO     | agent_utils:log_info:56 - [Cost Info]: Turn cost: $0.084837, Total cost: $1.337622
=== | INFO     | agent_utils:log_info:56 - [Token Info]: Prompt: 27374, Completion: 181, Total: 27555
=== | INFO     | agent_utils:log_info:56 - [Function Result]:
EXECUTION RESULT of [execute_bash]:
        let constructor_block = match variant.fields {
            Named(ref fields) => args::gen_constructor(&fields.named, attrs),
            Unit => quote!(),
            Unnamed(ref fields) if fields.unnamed.len() == 1 => {
                let ty = &fields.unnamed[0];
                quote!( ( <#ty as clap::FromArgMatches>::from_arg_matches(arg_matches).unwrap() ) )
            }
            Unnamed(..) => abort_call_site!("{}: tuple enums are not supported", variant.ident),
        };

        quote! {
            Some((#sub_name, arg_matches)) => {
                Some(#name :: #variant_name #constructor_block)
            }
        }
    });
--
        let variant_name = &variant.ident;
        match variant.fields {
            Unnamed(ref fields) if fields.unnamed.len() == 1 => {
                let ty = &fields.unnamed[0];
                quote! {
                    if let Some(res) = <#ty as clap::FromArgMatches>::from_arg_matches(arg_matches) {
                        return Some(#name :: #variant_name (res));
                    }
                }
            }
            _ => abort!(
                variant,
                "`flatten` is usable only with single-typed tuple variants"
            ),
        }
    });
--
            Unnamed(ref fields) if fields.unnamed.len() == 1 => {
                let ty = &fields.unnamed[0];
                (
                    quote!((ref mut arg)),
                    quote! {
                        <#ty as clap::FromArgMatches>::update_from_arg_matches(arg, sub_arg_matches);
                    },
                )
            }
            _ => abort!(
                variant,
                "`flatten` is usable only with single-typed tuple variants"
            ),
        };
        quote! {
            (#sub_name, #name :: #variant_name #pattern) => { #updater }
--
            if let Some((name, sub_arg_matches)) = arg_matches.subcommand() {
                match (name, self) {
                    #( #subcommands ),*
                    #( #child_subcommands ),*
                    (other_name, s) => {
                        if let Some(sub) = <Self as clap::FromArgMatches>::from_arg_matches(arg_matches) {
                            *s = sub;
                        }
                    }
                }
            }
        }
    }
}
[Current working directory: /workspace
Command finished with exit code: 0]
=== | INFO     | agent_utils:log_info:56 - ====================================================================================================
=== | INFO     | agent_utils:log_info:56 - [LLM Response]:
Now I understand the issue! The problem is in the `gen_augment` function. When it encounters a single-typed tuple variant like `Config(Config)`, it assumes the inner type should implement `Args` for building the app structure. However, when the inner type is an enum that derives `Clap`, it implements `Subcommand`, not `Args`.

The fix should be to check if the type implements `Subcommand` instead of `Args` for enum types. Let me look at the current logic and see how to fix it:

```
function:execute_bash
cmd:grep -A 30 -B 10 "augment_args" /workspace/clap-rs__clap__0.1/clap_derive/src/derives/subcommand.rs
```
=== | INFO     | agent_utils:log_info:56 - [Progress]: Turn 28/65, Cost: $1.337622/$4.00
=== | INFO     | agent_utils:log_info:56 - [Cost Info]: Turn cost: $0.089466, Total cost: $1.427088
=== | INFO     | agent_utils:log_info:56 - [Token Info]: Prompt: 28007, Completion: 363, Total: 28370
=== | INFO     | agent_utils:log_info:56 - [Function Result]:
EXECUTION RESULT of [execute_bash]:
                    let app_var = Ident::new("subcommand", Span::call_site());
                    let arg_block = match variant.fields {
                        Named(ref fields) => {
                            args::gen_augment(&fields.named, &app_var, &attrs, override_required)
                        }
                        Unit => quote!( #app_var ),
                        Unnamed(FieldsUnnamed { ref unnamed, .. }) if unnamed.len() == 1 => {
                            let ty = &unnamed[0];
                            quote_spanned! { ty.span()=>
                                {
                                    <#ty as clap::Args>::augment_args(#app_var)
                                }
                            }
                        }
                        Unnamed(..) => {
                            abort!(variant, "non single-typed tuple enums are not supported")
                        }
                    };

                    let name = attrs.cased_name();
                    let from_attrs = attrs.top_level_methods();
                    let version = attrs.version();
                    quote! {
                        let app = app.subcommand({
                            let #app_var = clap::App::new(#name);
                            let #app_var = #arg_block;
                            #app_var#from_attrs#version
                        });
                    }
                }
            }
        })
        .collect();

    let app_methods = parent_attribute.top_level_methods();
    let version = parent_attribute.version();
    quote! {
            let app = app #app_methods;
            #( #subcommands )*;
            app #version
    }
[Current working directory: /workspace
Command finished with exit code: 0]
=== | INFO     | agent_utils:log_info:56 - ====================================================================================================
=== | INFO     | agent_utils:log_info:56 - [LLM Response]:
I can see the issue now. For single-typed tuple variants, the code always assumes the type implements `clap::Args`, but when we have nested enums (like `Config(Config)` where `Config` is an enum that derives `Clap`), the inner enum implements `clap::Subcommand`, not `clap::Args`.

The fix should be to check if the type implements `Subcommand` and call `augment_subcommands` instead of `augment_args`. Let me modify the code:

```
function:str_replace
file_path:/workspace/clap-rs__clap__0.1/clap_derive/src/derives/subcommand.rs
old_str:
                        Unnamed(FieldsUnnamed { ref unnamed, .. }) if unnamed.len() == 1 => {
                            let ty = &unnamed[0];
                            quote_spanned! { ty.span()=>
                                {
                                    <#ty as clap::Args>::augment_args(#app_var)
                                }
                            }
                        }
new_str:
                        Unnamed(FieldsUnnamed { ref unnamed, .. }) if unnamed.len() == 1 => {
                            let ty = &unnamed[0];
                            quote_spanned! { ty.span()=>
                                {
                                    <#ty as clap::Subcommand>::augment_subcommands(#app_var)
                                }
                            }
                        }
```
=== | INFO     | agent_utils:log_info:56 - [Progress]: Turn 29/65, Cost: $1.427088/$4.00
=== | INFO     | agent_utils:log_info:56 - [Cost Info]: Turn cost: $0.084513, Total cost: $1.511601
=== | INFO     | agent_utils:log_info:56 - [Token Info]: Prompt: 27986, Completion: 37, Total: 28023
=== | INFO     | agent_utils:log_info:56 - [Function Result]:
EXECUTION RESULT of [str_replace]:
Successfully replaced string in file: /workspace/clap-rs__clap__0.1/clap_derive/src/derives/subcommand.rs
=== | INFO     | agent_utils:log_info:56 - ====================================================================================================
=== | INFO     | agent_utils:log_info:56 - [LLM Response]:
Now let me test if this fixes the compilation issue:

```
function:execute_bash
cmd:cd /workspace/test_proj && cargo run
```
=== | INFO     | agent_utils:log_info:56 - [Progress]: Turn 30/65, Cost: $1.511601/$4.00
=== | INFO     | agent_utils:log_info:56 - [Cost Info]: Turn cost: $0.086784, Total cost: $1.598385
=== | INFO     | agent_utils:log_info:56 - [Token Info]: Prompt: 28308, Completion: 124, Total: 28432
=== | INFO     | agent_utils:log_info:56 - [Function Result]:
EXECUTION RESULT of [execute_bash]:
stderr:
warning: `/root/.cargo/config` is deprecated in favor of `config.toml`
note: if you need to support cargo 1.38 or earlier, you can symlink `config` to `config.toml`
   Compiling clap_derive v3.0.0-beta.2 (/workspace/clap-rs__clap__0.1/clap_derive)
   Compiling clap v3.0.0-beta.2 (/workspace/clap-rs__clap__0.1)
   Compiling test_proj v0.1.0 (/workspace/test_proj)
    Finished `dev` profile [unoptimized + debuginfo] target(s) in 3.18s
     Running `/home/rust_target/debug/test_proj`

thread 'main' panicked at src/main.rs:3:10:
called `Option::unwrap()` on a `None` value
note: run with `RUST_BACKTRACE=1` environment variable to display a backtrace
[Current working directory: /workspace
Command finished with exit code: 101]
=== | INFO     | agent_utils:log_info:56 - ====================================================================================================
=== | INFO     | agent_utils:log_info:56 - [LLM Response]:
Great! The compilation issue is fixed, and now I can reproduce the panic described in the issue. The panic occurs at `App::parse_from(&["app", "config"]);` because when we pass `"config"` as a subcommand, it expects a further subcommand (`show` or `edit`) but doesn't get one.

Let me run it with backtrace to get more details:

```
function:execute_bash
cmd:cd /workspace/test_proj && RUST_BACKTRACE=1 cargo run
```
=== | INFO     | agent_utils:log_info:56 - [Progress]: Turn 31/65, Cost: $1.598385/$4.00
=== | INFO     | agent_utils:log_info:56 - [Cost Info]: Turn cost: $0.090054, Total cost: $1.688439
=== | INFO     | agent_utils:log_info:56 - [Token Info]: Prompt: 29093, Completion: 185, Total: 29278
=== | INFO     | agent_utils:log_info:56 - [Function Result]:
EXECUTION RESULT of [execute_bash]:
stderr:
warning: `/root/.cargo/config` is deprecated in favor of `config.toml`
note: if you need to support cargo 1.38 or earlier, you can symlink `config` to `config.toml`
    Finished `dev` profile [unoptimized + debuginfo] target(s) in 0.05s
     Running `/home/rust_target/debug/test_proj`

thread 'main' panicked at src/main.rs:3:10:
called `Option::unwrap()` on a `None` value
stack backtrace:
   0: __rustc::rust_begin_unwind
             at /rustc/6b00bc3880198600130e1cf62b8f8a93494488cc/library/std/src/panicking.rs:697:5
   1: core::panicking::panic_fmt
             at /rustc/6b00bc3880198600130e1cf62b8f8a93494488cc/library/core/src/panicking.rs:75:14
   2: core::panicking::panic
             at /rustc/6b00bc3880198600130e1cf62b8f8a93494488cc/library/core/src/panicking.rs:145:5
   3: core::option::unwrap_failed
             at /rustc/6b00bc3880198600130e1cf62b8f8a93494488cc/library/core/src/option.rs:2040:5
   4: core::option::Option<T>::unwrap
             at /rustc/6b00bc3880198600130e1cf62b8f8a93494488cc/library/core/src/option.rs:1003:21
   5: <test_proj::App as clap::derive::FromArgMatches>::from_arg_matches
             at ./src/main.rs:3:10
   6: clap::derive::Clap::parse_from
             at /workspace/clap-rs__clap__0.1/src/derive.rs:95:9
   7: test_proj::main
             at ./src/main.rs:16:5
   8: core::ops::function::FnOnce::call_once
             at /rustc/6b00bc3880198600130e1cf62b8f8a93494488cc/library/core/src/ops/function.rs:250:5
note: Some details are omitted, run with `RUST_BACKTRACE=full` for a verbose backtrace.
[Current working directory: /workspace
Command finished with exit code: 101]
=== | INFO     | agent_utils:log_info:56 - ====================================================================================================
=== | INFO     | agent_utils:log_info:56 - [LLM Response]:
Perfect! Now I can see the issue clearly. The panic occurs in the generated `FromArgMatches::from_arg_matches` implementation when it calls `unwrap()` on a `None` value. Let me now use the trace function to see where the issue occurs:

```
function:trace
test_project: /workspace/test_proj
target_project: /workspace/clap-rs__clap__0.1
instrument: /workspace/test_proj/src/main.rs:main
instrument: /workspace/clap-rs__clap__0.1/src/parse/parser.rs:get_matches_with,parse_subcommand
output: /workspace/trace.json
exec: cd /workspace/test_proj && RUST_BACKTRACE=1 cargo run
```
=== | INFO     | agent_utils:log_info:56 - [Progress]: Turn 32/65, Cost: $1.688439/$4.00
=== | INFO     | agent_utils:log_info:56 - [Cost Info]: Turn cost: $0.098778, Total cost: $1.787217
=== | INFO     | agent_utils:log_info:56 - [Token Info]: Prompt: 31821, Completion: 221, Total: 32042
=== | INFO     | agent_utils:log_info:56 - [Function Result]:
EXECUTION RESULT of [execute_bash]:
Starting complete trace flow execution...
Setting up project environments...
Executing function instrumentation...
instrumented function 'main' in /workspace/test_proj/src/main.rs
instrumented 2 function(s) in /workspace/clap-rs__clap__0.1/src/parse/parser.rs: ["parse_subcommand", "get_matches_with"]
Executing user command: cd /workspace/test_proj && RUST_BACKTRACE=1 cargo run
Note: Program exited with runtime error (this may be expected for testing)
Runtime error details:
warning: `/root/.cargo/config` is deprecated in favor of `config.toml`
note: if you need to support cargo 1.38 or earlier, you can symlink `config` to `config.toml`
    Updating crates.io index
     Locking 74 packages to latest Rust 1.88.0 compatible versions
      Adding addr2line v0.24.2
      Adding adler2 v2.0.1
      Adding android-tzdata v0.1.1
      Adding android_system_properties v0.1.5
      Adding backtrace v0.3.75
      Adding bitflags v2.9.1
      Adding bumpalo v3.19.0
      Adding bytes v1.10.1
      Adding cc v1.2.30
      Adding cfg-if v1.0.1
      Adding cfg_aliases v0.2.1
      Adding chrono v0.4.41
      Adding core-foundation-sys v0.8.7
      Adding ctrlc v3.4.7
      Adding gimli v0.31.1
      Adding iana-time-zone v0.1.63
      Adding iana-time-zone-haiku v0.1.2
      Adding io-uring v0.7.8
      Adding itoa v1.0.15
      Adding js-sys v0.3.77
      Adding lock_api v0.4.13
      Adding log v0.4.27
      Adding memchr v2.7.5
      Adding miniz_oxide v0.8.9
      Adding mio v1.0.4
      Adding nix v0.30.1
      Adding nu-ansi-term v0.46.0
      Adding num-traits v0.2.19
      Adding object v0.36.7
      Adding once_cell v1.21.3
      Adding overload v0.1.1
      Adding parking_lot v0.12.4
      Adding parking_lot_core v0.9.11
      Adding pin-project-lite v0.2.16
      Adding redox_syscall v0.5.13
      Adding rustc-demangle v0.1.25
      Adding rustversion v1.0.21
      Adding ryu v1.0.20
      Adding scopeguard v1.2.0
      Adding serde v1.0.219
      Adding serde_derive v1.0.219
      Adding serde_json v1.0.141
      Adding sharded-slab v0.1.7
      Adding shlex v1.3.0
      Adding signal-hook-registry v1.4.5
      Adding slab v0.4.10
      Adding smallvec v1.15.1
      Adding socket2 v0.5.10
      Adding syn v2.0.104
      Adding thread_local v1.1.9
      Adding tokio v1.46.1
      Adding tokio-macros v2.5.0
      Adding trace_common v0.1.0 (/RTAgent/rustforger-tracer/trace_common)
      Adding trace_macro v0.1.0 (/RTAgent/rustforger-tracer/trace_macro)
      Adding trace_runtime v0.1.0 (/RTAgent/rustforger-tracer/trace_runtime)
      Adding tracing v0.1.41
      Adding tracing-attributes v0.1.30
      Adding tracing-core v0.1.34
      Adding tracing-log v0.2.0
      Adding tracing-subscriber v0.3.19
      Adding valuable v0.1.1
      Adding wasi v0.11.1+wasi-snapshot-preview1
      Adding wasm-bindgen v0.2.100
      Adding wasm-bindgen-backend v0.2.100
      Adding wasm-bindgen-macro v0.2.100
      Adding wasm-bindgen-macro-support v0.2.100
      Adding wasm-bindgen-shared v0.2.100
      Adding windows-core v0.61.2
      Adding windows-implement v0.60.0
      Adding windows-interface v0.59.1
      Adding windows-link v0.1.3
      Adding windows-result v0.3.4
      Adding windows-strings v0.4.2
      Adding windows-sys v0.52.0
   Compiling clap v3.0.0-beta.2 (/workspace/clap-rs__clap__0.1)
   Compiling test_proj v0.1.0 (/workspace/test_proj)
    Finished `dev` profile [unoptimized + debuginfo] target(s) in 5.40s
     Running `/home/rust_target/debug/test_proj`
 Tracing initialized, output: /workspace/trace.json

thread 'main' panicked at src/main.rs:4:10:
called `Option::unwrap()` on a `None` value
stack backtrace:
   0: __rustc::rust_begin_unwind
             at /rustc/6b00bc3880198600130e1cf62b8f8a93494488cc/library/std/src/panicking.rs:697:5
   1: core::panicking::panic_fmt
             at /rustc/6b00bc3880198600130e1cf62b8f8a93494488cc/library/core/src/panicking.rs:75:14
   2: core::panicking::panic
             at /rustc/6b00bc3880198600130e1cf62b8f8a93494488cc/library/core/src/panicking.rs:145:5
   3: core::option::unwrap_failed
             at /rustc/6b00bc3880198600130e1cf62b8f8a93494488cc/library/core/src/option.rs:2040:5
   4: core::option::Option<T>::unwrap
             at /rustc/6b00bc3880198600130e1cf62b8f8a93494488cc/library/core/src/option.rs:1003:21
   5: <test_proj::App as clap::derive::FromArgMatches>::from_arg_matches
             at ./src/main.rs:4:10
   6: clap::derive::Clap::parse_from
             at /workspace/clap-rs__clap__0.1/src/derive.rs:95:9
   7: test_proj::main
             at ./src/main.rs:17:5
   8: core::ops::function::FnOnce::call_once
             at /rustc/6b00bc3880198600130e1cf62b8f8a93494488cc/library/core/src/ops/function.rs:250:5
note: Some details are omitted, run with `RUST_BACKTRACE=full` for a verbose backtrace.

Verifying trace output...
Trace output verification successful: /workspace/trace.json (2067 bytes)

Trace Preview (3 entries, showing first 3)
Thread ThreadId(1) (3 calls)
  get_matches_with (parser.rs:224) [00:44:33]
    in:  {it, matcher}
    out: <Error>>
  parse_subcommand (parser.rs:686) [00:44:33]
    in:  {it, keep_state, matcher, ...}
    out: <Error>>
     get_matches_with (parser.rs:224)
  get_matches_with (parser.rs:224) [00:44:33]
    in:  {it, matcher}
    out: <Error>>
     parse_subcommand (parser.rs:686)
        get_matches_with (parser.rs:224)
Restoring original files after successful execution...
Cleanup completed
Trace flow execution completed successfully!
[
{
  "timestamp_utc": "2025-07-10T00:44:33.897320761+00:00",
  "thread_id": "ThreadId(1)",
  "root_node": {
    "name": "get_matches_with",
    "file": "/workspace/clap-rs__clap__0.1/src/parse/parser.rs",
    "line": 224,
    "children": []
  },
  "inputs": {
    "it": "<unserializable: &mut clap::parse::parser::Input>",
    "matcher": "<unserializable: &mut clap::parse::arg_matcher::ArgMatcher>"
  },
  "output": "<unserializable: core::result::Result<(), clap::parse::errors::Error>>"
},
{
  "timestamp_utc": "2025-07-10T00:44:33.897412710+00:00",
  "thread_id": "ThreadId(1)",
  "root_node": {
    "name": "parse_subcommand",
    "file": "/workspace/clap-rs__clap__0.1/src/parse/parser.rs",
    "line": 686,
    "children": [
      {
        "name": "get_matches_with",
        "file": "/workspace/clap-rs__clap__0.1/src/parse/parser.rs",
        "line": 224,
        "children": []
      }
stderr:
dependency summary:
  added: 3
  skipped: 0
dependency summary:
  added: 3
  skipped: 0
[Current working directory: /workspace
Command finished with exit code: 0]
=== | INFO     | agent_utils:log_info:56 - ====================================================================================================
=== | INFO     | agent_utils:log_info:56 - [LLM Response]:
Great! I can see from the trace that the parsing is working - it's calling `get_matches_with` and `parse_subcommand`. The issue is happening after the parsing, in the generated `FromArgMatches::from_arg_matches` implementation.

Let me look at the generated code to understand where the `unwrap()` is being called. The issue is that when we pass `["app", "config"]`, the parser correctly identifies "config" as a subcommand, but then when trying to construct the `Config` enum, it expects additional arguments for `Show` or `Edit` variants, but gets `None`.

Let me look at the generated `from_arg_matches` code more closely:

```
function:execute_bash
cmd:grep -A 30 "from_arg_matches(arg_matches).unwrap()" /workspace/clap-rs__clap__0.1/clap_derive/src/derives/subcommand.rs
```
=== | INFO     | agent_utils:log_info:56 - [Progress]: Turn 33/65, Cost: $1.787217/$4.00
=== | INFO     | agent_utils:log_info:56 - [Cost Info]: Turn cost: $0.101994, Total cost: $1.889211
=== | INFO     | agent_utils:log_info:56 - [Token Info]: Prompt: 32053, Completion: 389, Total: 32442
=== | INFO     | agent_utils:log_info:56 - [Function Result]:
EXECUTION RESULT of [execute_bash]:
                quote!( ( <#ty as clap::FromArgMatches>::from_arg_matches(arg_matches).unwrap() ) )
            }
            Unnamed(..) => abort_call_site!("{}: tuple enums are not supported", variant.ident),
        };

        quote! {
            Some((#sub_name, arg_matches)) => {
                Some(#name :: #variant_name #constructor_block)
            }
        }
    });
    let child_subcommands = flatten_variants.iter().map(|(variant, _attrs)| {
        let variant_name = &variant.ident;
        match variant.fields {
            Unnamed(ref fields) if fields.unnamed.len() == 1 => {
                let ty = &fields.unnamed[0];
                quote! {
                    if let Some(res) = <#ty as clap::FromArgMatches>::from_arg_matches(arg_matches) {
                        return Some(#name :: #variant_name (res));
                    }
                }
            }
            _ => abort!(
                variant,
                "`flatten` is usable only with single-typed tuple variants"
            ),
        }
    });

    let wildcard = match ext_subcmd {
        Some((span, var_name, str_ty, values_of)) => quote_spanned! { span=>
[Current working directory: /workspace
Command finished with exit code: 0]
=== | INFO     | agent_utils:log_info:56 - ====================================================================================================
=== | INFO     | agent_utils:log_info:56 - [LLM Response]:
I found the issue! The problem is in this line:

```rust
quote!( ( <#ty as clap::FromArgMatches>::from_arg_matches(arg_matches).unwrap() ) )
```

When we have `Config(Config)` and pass `["app", "config"]`, the parser correctly identifies "config" as a subcommand and gets the arg_matches for the "config" subcommand. However, when it tries to construct the inner `Config` enum, it calls `Config::from_arg_matches(arg_matches).unwrap()`, but `Config::from_arg_matches` returns `None` because there's no further subcommand specified (like "show" or "edit").

The fix should be to handle the case where `from_arg_matches` returns `None` and return an appropriate error instead of panicking. Let me modify this:

```
function:str_replace
file_path:/workspace/clap-rs__clap__0.1/clap_derive/src/derives/subcommand.rs
old_str:
            Unnamed(ref fields) if fields.unnamed.len() == 1 => {
                let ty = &fields.unnamed[0];
                quote!( ( <#ty as clap::FromArgMatches>::from_arg_matches(arg_matches).unwrap() ) )
            }
new_str:
            Unnamed(ref fields) if fields.unnamed.len() == 1 => {
                let ty = &fields.unnamed[0];
                quote!( ( <#ty as clap::FromArgMatches>::from_arg_matches(arg_matches)? ) )
            }
```
=== | INFO     | agent_utils:log_info:56 - [Progress]: Turn 34/65, Cost: $1.889211/$4.00
=== | INFO     | agent_utils:log_info:56 - [Cost Info]: Turn cost: $0.094746, Total cost: $1.983957
=== | INFO     | agent_utils:log_info:56 - [Token Info]: Prompt: 31092, Completion: 98, Total: 31190
=== | INFO     | agent_utils:log_info:56 - [Function Result]:
EXECUTION RESULT of [str_replace]:
Successfully replaced string in file: /workspace/clap-rs__clap__0.1/clap_derive/src/derives/subcommand.rs
=== | INFO     | agent_utils:log_info:56 - ====================================================================================================
=== | INFO     | agent_utils:log_info:56 - [LLM Response]:
Now I need to update the function signature to return a `Result` instead of an `Option`. Let me look at the full `gen_from_arg_matches` function:

```
function:execute_bash
cmd:grep -A 50 "fn gen_from_arg_matches(" /workspace/clap-rs__clap__0.1/clap_derive/src/derives/subcommand.rs
```
=== | INFO     | agent_utils:log_info:56 - [Progress]: Turn 35/65, Cost: $1.983957/$4.00
=== | INFO     | agent_utils:log_info:56 - [Cost Info]: Turn cost: $0.090846, Total cost: $2.074803
=== | INFO     | agent_utils:log_info:56 - [Token Info]: Prompt: 29867, Completion: 83, Total: 29950
=== | INFO     | agent_utils:log_info:56 - [Function Result]:
EXECUTION RESULT of [execute_bash]:
fn gen_from_arg_matches(
    name: &Ident,
    variants: &Punctuated<Variant, Token![,]>,
    parent_attribute: &Attrs,
) -> TokenStream {
    use syn::Fields::*;

    let mut ext_subcmd = None;

    let (flatten_variants, variants): (Vec<_>, Vec<_>) = variants
        .iter()
        .filter_map(|variant| {
            let attrs = Attrs::from_struct(
                variant.span(),
                &variant.attrs,
                Name::Derived(variant.ident.clone()),
                parent_attribute.casing(),
                parent_attribute.env_casing(),
            );

            if let Kind::ExternalSubcommand = &*attrs.kind() {
                if ext_subcmd.is_some() {
                    abort!(
                        attrs.kind().span(),
                        "Only one variant can be marked with `external_subcommand`, \
                         this is the second"
                    );
                }

                let ty = match variant.fields {
                    Unnamed(ref fields) if fields.unnamed.len() == 1 => &fields.unnamed[0].ty,

                    _ => abort!(
                        variant,
                        "The enum variant marked with `external_attribute` must be \
                         a single-typed tuple, and the type must be either `Vec<String>` \
                         or `Vec<OsString>`."
                    ),
                };

                let (span, str_ty, values_of) = match subty_if_name(ty, "Vec") {
                    Some(subty) => {
                        if is_simple_ty(subty, "String") {
                            (
                                subty.span(),
                                quote!(::std::string::String),
                                quote!(values_of),
                            )
                        } else if is_simple_ty(subty, "OsString") {
                            (
                                subty.span(),
[Current working directory: /workspace
Command finished with exit code: 0]
=== | INFO     | agent_utils:log_info:56 - ====================================================================================================
=== | INFO     | agent_utils:log_info:56 - [LLM Response]:
Let me see the return type and structure of the function:

```
function:execute_bash
cmd:grep -A 200 "fn gen_from_arg_matches(" /workspace/clap-rs__clap__0.1/clap_derive/src/derives/subcommand.rs | grep -A 30 "quote!"
```
=== | INFO     | agent_utils:log_info:56 - [Progress]: Turn 36/65, Cost: $2.074803/$4.00
=== | INFO     | agent_utils:log_info:56 - [Cost Info]: Turn cost: $0.090627, Total cost: $2.165430
=== | INFO     | agent_utils:log_info:56 - [Token Info]: Prompt: 28974, Completion: 247, Total: 29221
=== | INFO     | agent_utils:log_info:56 - [Function Result]:
EXECUTION RESULT of [execute_bash]:
                                quote!(::std::string::String),
                                quote!(values_of),
                            )
                        } else if is_simple_ty(subty, "OsString") {
                            (
                                subty.span(),
                                quote!(::std::ffi::OsString),
                                quote!(values_of_os),
                            )
                        } else {
                            abort!(
                                ty.span(),
                                "The type must be either `Vec<String>` or `Vec<OsString>` \
                                 to be used with `external_subcommand`."
                            );
                        }
                    }

                    None => abort!(
                        ty.span(),
                        "The type must be either `Vec<String>` or `Vec<OsString>` \
                         to be used with `external_subcommand`."
                    ),
                };

                ext_subcmd = Some((span, &variant.ident, str_ty, values_of));
                None
            } else {
                Some((variant, attrs))
            }
        })
        .partition(|(_, attrs)| {
            let kind = attrs.kind();
            matches!(&*kind, Kind::Flatten)
        });

    let match_arms = variants.iter().map(|(variant, attrs)| {
        let sub_name = attrs.cased_name();
--
            Unit => quote!(),
            Unnamed(ref fields) if fields.unnamed.len() == 1 => {
                let ty = &fields.unnamed[0];
                quote!( ( <#ty as clap::FromArgMatches>::from_arg_matches(arg_matches)? ) )
            }
            Unnamed(..) => abort_call_site!("{}: tuple enums are not supported", variant.ident),
        };

        quote! {
            Some((#sub_name, arg_matches)) => {
                Some(#name :: #variant_name #constructor_block)
            }
        }
    });
    let child_subcommands = flatten_variants.iter().map(|(variant, _attrs)| {
        let variant_name = &variant.ident;
        match variant.fields {
            Unnamed(ref fields) if fields.unnamed.len() == 1 => {
                let ty = &fields.unnamed[0];
                quote! {
                    if let Some(res) = <#ty as clap::FromArgMatches>::from_arg_matches(arg_matches) {
                        return Some(#name :: #variant_name (res));
                    }
                }
            }
            _ => abort!(
                variant,
                "`flatten` is usable only with single-typed tuple variants"
            ),
        }
    });

    let wildcard = match ext_subcmd {
        Some((span, var_name, str_ty, values_of)) => quote_spanned! { span=>
                ::std::option::Option::Some(#name::#var_name(
                    ::std::iter::once(#str_ty::from(other))
                    .chain(
                        sub_arg_matches.#values_of("").into_iter().flatten().map(#str_ty::from)
                    )
                    .collect::<::std::vec::Vec<_>>()
                ))
        },

        None => quote!(None),
    };

    quote! {
        fn from_arg_matches(arg_matches: &clap::ArgMatches) -> Option<Self> {
            match arg_matches.subcommand() {
                #( #match_arms, )*
                ::std::option::Option::Some((other, sub_arg_matches)) => {
                    #( #child_subcommands )else*

                    #wildcard
                }
                ::std::option::Option::None => ::std::option::Option::None,
            }
        }
    }
}

fn gen_update_from_arg_matches(
    name: &Ident,
    variants: &Punctuated<Variant, Token![,]>,
    parent_attribute: &Attrs,
) -> TokenStream {
    use syn::Fields::*;

    let (flatten_variants, variants): (Vec<_>, Vec<_>) = variants
        .iter()
        .filter_map(|variant| {
            let attrs = Attrs::from_struct(
                variant.span(),
                &variant.attrs,
                Name::Derived(variant.ident.clone()),
                parent_attribute.casing(),
                parent_attribute.env_casing(),
--
                            quote!( ref mut #field_name ),
                            args::gen_updater(&fields.named, &attrs, false),
                        )
                    })
                    .unzip();
                (quote!( { #( #fields, )* }), quote!( { #( #update )* } ))
            }
            Unit => (quote!(), quote!({})),
            Unnamed(ref fields) => {
[Current working directory: /workspace
Command finished with exit code: 0]
=== | INFO     | agent_utils:log_info:56 - ====================================================================================================
=== | INFO     | agent_utils:log_info:56 - [LLM Response]:
I can see that the function returns `Option<Self>`, not `Result<Self, Error>`. The issue is that I can't use the `?` operator in a function that returns `Option`. Let me revert that change and find a better approach:

```
function:str_replace
file_path:/workspace/clap-rs__clap__0.1/clap_derive/src/derives/subcommand.rs
old_str:
            Unnamed(ref fields) if fields.unnamed.len() == 1 => {
                let ty = &fields.unnamed[0];
                quote!( ( <#ty as clap::FromArgMatches>::from_arg_matches(arg_matches)? ) )
            }
new_str:
            Unnamed(ref fields) if fields.unnamed.len() == 1 => {
                let ty = &fields.unnamed[0];
                quote!( ( <#ty as clap::FromArgMatches>::from_arg_matches(arg_matches).unwrap() ) )
            }
```
=== | INFO     | agent_utils:log_info:56 - [Progress]: Turn 37/65, Cost: $2.165430/$4.00
=== | INFO     | agent_utils:log_info:56 - [Cost Info]: Turn cost: $0.092544, Total cost: $2.257974
=== | INFO     | agent_utils:log_info:56 - [Token Info]: Prompt: 29223, Completion: 325, Total: 29548
=== | INFO     | agent_utils:log_info:56 - [Function Result]:
EXECUTION RESULT of [str_replace]:
Successfully replaced string in file: /workspace/clap-rs__clap__0.1/clap_derive/src/derives/subcommand.rs
=== | INFO     | agent_utils:log_info:56 - ====================================================================================================
=== | INFO     | agent_utils:log_info:56 - [LLM Response]:
The real issue is that the `from_arg_matches` function should return `None` when the subcommand parsing fails, rather than panicking. The problem is that for nested enums, when we call `Config::from_arg_matches(arg_matches)` and there's no further subcommand, it returns `None`, but we're calling `unwrap()` on it.

Instead, we should handle the `None` case gracefully. Let me change the approach:

```
function:str_replace
file_path:/workspace/clap-rs__clap__0.1/clap_derive/src/derives/subcommand.rs
old_str:
            Unnamed(ref fields) if fields.unnamed.len() == 1 => {
                let ty = &fields.unnamed[0];
                quote!( ( <#ty as clap::FromArgMatches>::from_arg_matches(arg_matches).unwrap() ) )
            }
new_str:
            Unnamed(ref fields) if fields.unnamed.len() == 1 => {
                let ty = &fields.unnamed[0];
                quote! { 
                    ( match <#ty as clap::FromArgMatches>::from_arg_matches(arg_matches) {
                        Some(val) => val,
                        None => return None,
                    } )
                }
            }
```
=== | INFO     | agent_utils:log_info:56 - [Progress]: Turn 38/65, Cost: $2.257974/$4.00
=== | INFO     | agent_utils:log_info:56 - [Cost Info]: Turn cost: $0.089286, Total cost: $2.347260
=== | INFO     | agent_utils:log_info:56 - [Token Info]: Prompt: 29597, Completion: 33, Total: 29630
=== | INFO     | agent_utils:log_info:56 - [Function Result]:
EXECUTION RESULT of [str_replace]:
Successfully replaced string in file: /workspace/clap-rs__clap__0.1/clap_derive/src/derives/subcommand.rs
=== | INFO     | agent_utils:log_info:56 - ====================================================================================================
=== | INFO     | agent_utils:log_info:56 - [LLM Response]:
Now let me test the fix:

```
function:execute_bash
cmd:cd /workspace/test_proj && cargo run
```
=== | INFO     | agent_utils:log_info:56 - [Progress]: Turn 39/65, Cost: $2.347260/$4.00
=== | INFO     | agent_utils:log_info:56 - [Cost Info]: Turn cost: $0.091113, Total cost: $2.438373
=== | INFO     | agent_utils:log_info:56 - [Token Info]: Prompt: 29921, Completion: 90, Total: 30011
=== | INFO     | agent_utils:log_info:56 - [Function Result]:
EXECUTION RESULT of [execute_bash]:
stderr:
warning: `/root/.cargo/config` is deprecated in favor of `config.toml`
note: if you need to support cargo 1.38 or earlier, you can symlink `config` to `config.toml`
   Compiling clap_derive v3.0.0-beta.2 (/workspace/clap-rs__clap__0.1/clap_derive)
   Compiling clap v3.0.0-beta.2 (/workspace/clap-rs__clap__0.1)
   Compiling test_proj v0.1.0 (/workspace/test_proj)
    Finished `dev` profile [unoptimized + debuginfo] target(s) in 3.21s
     Running `/home/rust_target/debug/test_proj`

thread 'main' panicked at /workspace/clap-rs__clap__0.1/src/derive.rs:95:62:
IntoApp validated everything
note: run with `RUST_BACKTRACE=1` environment variable to display a backtrace
[Current working directory: /workspace
Command finished with exit code: 101]
=== | INFO     | agent_utils:log_info:56 - ====================================================================================================
=== | INFO     | agent_utils:log_info:56 - [LLM Response]:
There's still a panic, but now it's happening in a different place. Let me check what's in `/workspace/clap-rs__clap__0.1/src/derive.rs:95`:

```
function:execute_bash
cmd:sed -n '90,100p' /workspace/clap-rs__clap__0.1/src/derive.rs
```
=== | INFO     | agent_utils:log_info:56 - [Progress]: Turn 40/65, Cost: $2.438373/$4.00
=== | INFO     | agent_utils:log_info:56 - [Cost Info]: Turn cost: $0.094047, Total cost: $2.532420
=== | INFO     | agent_utils:log_info:56 - [Token Info]: Prompt: 29984, Completion: 273, Total: 30257
=== | INFO     | agent_utils:log_info:56 - [Function Result]:
EXECUTION RESULT of [execute_bash]:
        I: IntoIterator<Item = T>,
        // TODO (@CreepySkeleton): discover a way to avoid cloning here
        T: Into<OsString> + Clone,
    {
        let matches = <Self as IntoApp>::into_app().get_matches_from(itr);
        <Self as FromArgMatches>::from_arg_matches(&matches).expect("IntoApp validated everything")
    }

    /// Parse from iterator, return Err on error.
    fn try_parse_from<I, T>(itr: I) -> Result<Self, Error>
    where
[Current working directory: /workspace
Command finished with exit code: 0]
=== | INFO     | agent_utils:log_info:56 - ====================================================================================================
=== | INFO     | agent_utils:log_info:56 - [LLM Response]:
I see! The panic is now happening because `from_arg_matches` returns `None`, but the `parse_from` method expects it to always return `Some` if validation passes, hence the "IntoApp validated everything" message. 

The issue is that the validation logic in the app builder and the parsing logic are out of sync. Let me check what the correct behavior should be according to the issue description. The expected behavior is that clap should return an error displaying the help message, not panic.

Let me test what happens when I use `try_parse_from` instead of `parse_from`:

```
function:str_replace
file_path:/workspace/test_proj/src/main.rs
old_str:
fn main() {
    App::parse_from(&["app", "config"]);
}
new_str:
fn main() {
    match App::try_parse_from(&["app", "config"]) {
        Ok(app) => println!("Parsed successfully: {:?}", app),
        Err(err) => {
            println!("Parse error: {}", err);
            std::process::exit(1);
        }
    }
}
```
=== | INFO     | agent_utils:log_info:56 - [Progress]: Turn 41/65, Cost: $2.532420/$4.00
=== | INFO     | agent_utils:log_info:56 - [Cost Info]: Turn cost: $0.093045, Total cost: $2.625465
=== | INFO     | agent_utils:log_info:56 - [Token Info]: Prompt: 30270, Completion: 149, Total: 30419
=== | INFO     | agent_utils:log_info:56 - [Function Result]:
EXECUTION RESULT of [str_replace]:
Successfully replaced string in file: /workspace/test_proj/src/main.rs
=== | INFO     | agent_utils:log_info:56 - ====================================================================================================
=== | INFO     | agent_utils:log_info:56 - [LLM Response]:
I also need to add Debug to the derive:

```
function:str_replace
file_path:/workspace/test_proj/src/main.rs
old_str:
#[derive(Clap)]
enum App {
    Build,
    Config(Config),
}

#[derive(Clap)]
enum Config {
    Show,
    Edit,
}
new_str:
#[derive(Clap, Debug)]
enum App {
    Build,
    Config(Config),
}

#[derive(Clap, Debug)]
enum Config {
    Show,
    Edit,
}
```
=== | INFO     | agent_utils:log_info:56 - [Progress]: Turn 42/65, Cost: $2.625465/$4.00
=== | INFO     | agent_utils:log_info:56 - [Cost Info]: Turn cost: $0.089526, Total cost: $2.714991
=== | INFO     | agent_utils:log_info:56 - [Token Info]: Prompt: 29682, Completion: 32, Total: 29714
=== | INFO     | agent_utils:log_info:56 - [Function Result]:
EXECUTION RESULT of [str_replace]:
Successfully replaced string in file: /workspace/test_proj/src/main.rs
=== | INFO     | agent_utils:log_info:56 - ====================================================================================================
=== | INFO     | agent_utils:log_info:56 - [LLM Response]:
Now let me test it:

```
function:execute_bash
cmd:cd /workspace/test_proj && cargo run
```
=== | INFO     | agent_utils:log_info:56 - [Progress]: Turn 43/65, Cost: $2.714991/$4.00
=== | INFO     | agent_utils:log_info:56 - [Cost Info]: Turn cost: $0.085866, Total cost: $2.800857
=== | INFO     | agent_utils:log_info:56 - [Token Info]: Prompt: 28297, Completion: 65, Total: 28362
=== | INFO     | agent_utils:log_info:56 - [Function Result]:
EXECUTION RESULT of [execute_bash]:
stderr:
warning: `/root/.cargo/config` is deprecated in favor of `config.toml`
note: if you need to support cargo 1.38 or earlier, you can symlink `config` to `config.toml`
   Compiling test_proj v0.1.0 (/workspace/test_proj)
    Finished `dev` profile [unoptimized + debuginfo] target(s) in 0.94s
     Running `/home/rust_target/debug/test_proj`

thread 'main' panicked at /workspace/clap-rs__clap__0.1/src/derive.rs:107:14:
IntoApp validated everything
note: run with `RUST_BACKTRACE=1` environment variable to display a backtrace
[Current working directory: /workspace
Command finished with exit code: 101]
=== | INFO     | agent_utils:log_info:56 - ====================================================================================================
=== | INFO     | agent_utils:log_info:56 - [LLM Response]:
The issue is still occurring in `try_parse_from`. Let me check line 107:

```
function:execute_bash
cmd:sed -n '100,110p' /workspace/clap-rs__clap__0.1/src/derive.rs
```
=== | INFO     | agent_utils:log_info:56 - [Progress]: Turn 44/65, Cost: $2.800857/$4.00
=== | INFO     | agent_utils:log_info:56 - [Cost Info]: Turn cost: $0.090945, Total cost: $2.891802
=== | INFO     | agent_utils:log_info:56 - [Token Info]: Prompt: 28515, Completion: 360, Total: 28875
=== | INFO     | agent_utils:log_info:56 - [Function Result]:
EXECUTION RESULT of [execute_bash]:
    where
        I: IntoIterator<Item = T>,
        // TODO (@CreepySkeleton): discover a way to avoid cloning here
        T: Into<OsString> + Clone,
    {
        let matches = <Self as IntoApp>::into_app().try_get_matches_from(itr)?;
        Ok(<Self as FromArgMatches>::from_arg_matches(&matches)
            .expect("IntoApp validated everything"))
    }

    /// Update from iterator, exit on error
[Current working directory: /workspace
Command finished with exit code: 0]
=== | INFO     | agent_utils:log_info:56 - ====================================================================================================
=== | INFO     | agent_utils:log_info:56 - [LLM Response]:
The issue is that both `parse_from` and `try_parse_from` assume that if `try_get_matches_from` succeeds, then `from_arg_matches` should always return `Some`. However, my fix makes `from_arg_matches` return `None` in certain cases, which breaks this assumption.

The real issue is that the validation logic should catch this case and return an error before we even reach the `from_arg_matches` stage. This suggests that the problem is in the app building phase, not the parsing phase.

Let me check what the app structure looks like. The issue might be that when we have `Config(Config)`, the subcommand structure isn't built correctly. Let me run the app with help to see the structure:

```
function:str_replace
file_path:/workspace/test_proj/src/main.rs
old_str:
fn main() {
    match App::try_parse_from(&["app", "config"]) {
        Ok(app) => println!("Parsed successfully: {:?}", app),
        Err(err) => {
            println!("Parse error: {}", err);
            std::process::exit(1);
        }
    }
}
new_str:
fn main() {
    match App::try_parse_from(&["app", "--help"]) {
        Ok(app) => println!("Parsed successfully: {:?}", app),
        Err(err) => {
            println!("Help output: {}", err);
        }
    }
}
```
=== | INFO     | agent_utils:log_info:56 - [Progress]: Turn 45/65, Cost: $2.891802/$4.00
=== | INFO     | agent_utils:log_info:56 - [Cost Info]: Turn cost: $0.087096, Total cost: $2.978898
=== | INFO     | agent_utils:log_info:56 - [Token Info]: Prompt: 28907, Completion: 25, Total: 28932
=== | INFO     | agent_utils:log_info:56 - [Function Result]:
EXECUTION RESULT of [str_replace]:
Successfully replaced string in file: /workspace/test_proj/src/main.rs
=== | INFO     | agent_utils:log_info:56 - ====================================================================================================
=== | INFO     | agent_utils:log_info:56 - [LLM Response]:
```
function:execute_bash
cmd:cd /workspace/test_proj && cargo run
```
=== | INFO     | agent_utils:log_info:56 - [Progress]: Turn 46/65, Cost: $2.978898/$4.00
=== | INFO     | agent_utils:log_info:56 - [Cost Info]: Turn cost: $0.085089, Total cost: $3.063987
=== | INFO     | agent_utils:log_info:56 - [Token Info]: Prompt: 27353, Completion: 202, Total: 27555
=== | INFO     | agent_utils:log_info:56 - [Function Result]:
EXECUTION RESULT of [execute_bash]:
Help output: test_proj 

USAGE:
    app <SUBCOMMAND>

FLAGS:
    -h, --help       Prints help information
    -V, --version    Prints version information

SUBCOMMANDS:
    build     
    config    
    help      Prints this message or the help of the given subcommand(s)

stderr:
warning: `/root/.cargo/config` is deprecated in favor of `config.toml`
note: if you need to support cargo 1.38 or earlier, you can symlink `config` to `config.toml`
   Compiling test_proj v0.1.0 (/workspace/test_proj)
    Finished `dev` profile [unoptimized + debuginfo] target(s) in 0.91s
     Running `/home/rust_target/debug/test_proj`
[Current working directory: /workspace
Command finished with exit code: 0]
=== | INFO     | agent_utils:log_info:56 - ====================================================================================================
=== | INFO     | agent_utils:log_info:56 - [LLM Response]:
Good! Now let me check the help for the config subcommand:

```
function:str_replace
file_path:/workspace/test_proj/src/main.rs
old_str:
fn main() {
    match App::try_parse_from(&["app", "--help"]) {
        Ok(app) => println!("Parsed successfully: {:?}", app),
        Err(err) => {
            println!("Help output: {}", err);
        }
    }
}
new_str:
fn main() {
    match App::try_parse_from(&["app", "config", "--help"]) {
        Ok(app) => println!("Parsed successfully: {:?}", app),
        Err(err) => {
            println!("Config help output: {}", err);
        }
    }
}
```
=== | INFO     | agent_utils:log_info:56 - [Progress]: Turn 47/65, Cost: $3.063987/$4.00
=== | INFO     | agent_utils:log_info:56 - [Cost Info]: Turn cost: $0.083136, Total cost: $3.147123
=== | INFO     | agent_utils:log_info:56 - [Token Info]: Prompt: 27587, Completion: 25, Total: 27612
=== | INFO     | agent_utils:log_info:56 - [Function Result]:
EXECUTION RESULT of [str_replace]:
Successfully replaced string in file: /workspace/test_proj/src/main.rs
=== | INFO     | agent_utils:log_info:56 - ====================================================================================================
=== | INFO     | agent_utils:log_info:56 - [LLM Response]:
```
function:execute_bash
cmd:cd /workspace/test_proj && cargo run
```
=== | INFO     | agent_utils:log_info:56 - [Progress]: Turn 48/65, Cost: $3.147123/$4.00
=== | INFO     | agent_utils:log_info:56 - [Cost Info]: Turn cost: $0.088716, Total cost: $3.235839
=== | INFO     | agent_utils:log_info:56 - [Token Info]: Prompt: 27517, Completion: 411, Total: 27928
=== | INFO     | agent_utils:log_info:56 - [Function Result]:
EXECUTION RESULT of [execute_bash]:
Config help output: app-config 

USAGE:
    app config [SUBCOMMAND]

FLAGS:
    -h, --help       Prints help information
    -V, --version    Prints version information

SUBCOMMANDS:
    edit    
    help    Prints this message or the help of the given subcommand(s)
    show    

stderr:
warning: `/root/.cargo/config` is deprecated in favor of `config.toml`
note: if you need to support cargo 1.38 or earlier, you can symlink `config` to `config.toml`
   Compiling test_proj v0.1.0 (/workspace/test_proj)
    Finished `dev` profile [unoptimized + debuginfo] target(s) in 1.05s
     Running `/home/rust_target/debug/test_proj`
[Current working directory: /workspace
Command finished with exit code: 0]
=== | INFO     | agent_utils:log_info:56 - ====================================================================================================
=== | INFO     | agent_utils:log_info:56 - [LLM Response]:
Perfect! The help output shows that the app structure is correct. The `config` subcommand expects a further subcommand (`edit` or `show`). The issue is that when we pass just `["app", "config"]` without a further subcommand, it should show this help message instead of panicking.

The problem is that the current implementation assumes that if `try_get_matches_from` succeeds, then `from_arg_matches` must succeed. But in this case, `try_get_matches_from` succeeds because "config" is a valid subcommand, but `from_arg_matches` fails because there's no sub-subcommand.

Instead of modifying `from_arg_matches` to return `None`, I should fix the validation to catch this case earlier. Let me revert my changes and look at the app building logic:

```
function:str_replace
file_path:/workspace/clap-rs__clap__0.1/clap_derive/src/derives/subcommand.rs
old_str:
            Unnamed(ref fields) if fields.unnamed.len() == 1 => {
                let ty = &fields.unnamed[0];
                quote! { 
                    ( match <#ty as clap::FromArgMatches>::from_arg_matches(arg_matches) {
                        Some(val) => val,
                        None => return None,
                    } )
                }
            }
new_str:
            Unnamed(ref fields) if fields.unnamed.len() == 1 => {
                let ty = &fields.unnamed[0];
                quote!( ( <#ty as clap::FromArgMatches>::from_arg_matches(arg_matches).unwrap() ) )
            }
```
=== | INFO     | agent_utils:log_info:56 - [Progress]: Turn 49/65, Cost: $3.235839/$4.00
=== | INFO     | agent_utils:log_info:56 - [Cost Info]: Turn cost: $0.086478, Total cost: $3.322317
=== | INFO     | agent_utils:log_info:56 - [Token Info]: Prompt: 27846, Completion: 196, Total: 28042
=== | INFO     | agent_utils:log_info:56 - [Function Result]:
EXECUTION RESULT of [str_replace]:
Successfully replaced string in file: /workspace/clap-rs__clap__0.1/clap_derive/src/derives/subcommand.rs
=== | INFO     | agent_utils:log_info:56 - ====================================================================================================
=== | INFO     | agent_utils:log_info:56 - [LLM Response]:
Now let me test the original issue again:

```
function:str_replace
file_path:/workspace/test_proj/src/main.rs
old_str:
fn main() {
    match App::try_parse_from(&["app", "config", "--help"]) {
        Ok(app) => println!("Parsed successfully: {:?}", app),
        Err(err) => {
            println!("Config help output: {}", err);
        }
    }
}
new_str:
fn main() {
    match App::try_parse_from(&["app", "config"]) {
        Ok(app) => println!("Parsed successfully: {:?}", app),
        Err(err) => {
            println!("Parse error: {}", err);
        }
    }
}
```
=== | INFO     | agent_utils:log_info:56 - [Progress]: Turn 50/65, Cost: $3.322317/$4.00
=== | INFO     | agent_utils:log_info:56 - [Cost Info]: Turn cost: $0.084597, Total cost: $3.406914
=== | INFO     | agent_utils:log_info:56 - [Token Info]: Prompt: 28074, Completion: 25, Total: 28099
=== | INFO     | agent_utils:log_info:56 - [Function Result]:
EXECUTION RESULT of [str_replace]:
Successfully replaced string in file: /workspace/test_proj/src/main.rs
=== | INFO     | agent_utils:log_info:56 - ====================================================================================================
=== | INFO     | agent_utils:log_info:56 - [LLM Response]:
```
function:execute_bash
cmd:cd /workspace/test_proj && cargo run
```
=== | INFO     | agent_utils:log_info:56 - [Progress]: Turn 51/65, Cost: $3.406914/$4.00
=== | INFO     | agent_utils:log_info:56 - [Cost Info]: Turn cost: $0.088992, Total cost: $3.495906
=== | INFO     | agent_utils:log_info:56 - [Token Info]: Prompt: 28384, Completion: 256, Total: 28640
=== | INFO     | agent_utils:log_info:56 - [Function Result]:
EXECUTION RESULT of [execute_bash]:
stderr:
warning: `/root/.cargo/config` is deprecated in favor of `config.toml`
note: if you need to support cargo 1.38 or earlier, you can symlink `config` to `config.toml`
   Compiling clap_derive v3.0.0-beta.2 (/workspace/clap-rs__clap__0.1/clap_derive)
   Compiling clap v3.0.0-beta.2 (/workspace/clap-rs__clap__0.1)
   Compiling test_proj v0.1.0 (/workspace/test_proj)
    Finished `dev` profile [unoptimized + debuginfo] target(s) in 3.38s
     Running `/home/rust_target/debug/test_proj`

thread 'main' panicked at src/main.rs:3:10:
called `Option::unwrap()` on a `None` value
note: run with `RUST_BACKTRACE=1` environment variable to display a backtrace
[Current working directory: /workspace
Command finished with exit code: 101]
=== | INFO     | agent_utils:log_info:56 - ====================================================================================================
=== | INFO     | agent_utils:log_info:56 - [LLM Response]:
I'm back to the original issue. The problem is that the validation logic in the app building phase doesn't properly handle the case where a subcommand that contains nested enums is provided without its required sub-subcommand.

Looking at the issue more carefully, the real problem is in how subcommands are validated. When we have `Config(Config)` and pass `["app", "config"]`, the parser correctly matches "config" as a subcommand, but then tries to parse the inner `Config` enum from an empty argument list, which returns `None`.

The fix should be to ensure that when a subcommand requires further subcommands (like nested enums), the validation should catch this case and return a proper error message.

Let me check if there's a required setting or validation logic that should be applied. The key insight is that when an enum derives `Clap`, it should be treated as requiring a subcommand. Let me look at the validation logic:

```
function:execute_bash
cmd:grep -rn "validate" /workspace/clap-rs__clap__0.1/src/parse/ | grep -i required
```
=== | INFO     | agent_utils:log_info:56 - [Progress]: Turn 52/65, Cost: $3.495906/$4.00
=== | INFO     | agent_utils:log_info:56 - [Cost Info]: Turn cost: $0.089052, Total cost: $3.584958
=== | INFO     | agent_utils:log_info:56 - [Token Info]: Prompt: 29069, Completion: 123, Total: 29192
=== | INFO     | agent_utils:log_info:56 - [Function Result]:
EXECUTION RESULT of [execute_bash]:
/workspace/clap-rs__clap__0.1/src/parse/validator.rs:38:            self.validate_required(matcher)?;
/workspace/clap-rs__clap__0.1/src/parse/validator.rs:70:            self.validate_required(matcher)?;
/workspace/clap-rs__clap__0.1/src/parse/validator.rs:71:            self.validate_required_unless(matcher)?;
/workspace/clap-rs__clap__0.1/src/parse/validator.rs:563:    fn validate_required(&mut self, matcher: &ArgMatcher) -> ClapResult<()> {
/workspace/clap-rs__clap__0.1/src/parse/validator.rs:565:            "Validator::validate_required: required={:?}",
/workspace/clap-rs__clap__0.1/src/parse/validator.rs:571:            debug!("Validator::validate_required:iter:aog={:?}", arg_or_group);
/workspace/clap-rs__clap__0.1/src/parse/validator.rs:573:                debug!("Validator::validate_required:iter: This is an arg");
/workspace/clap-rs__clap__0.1/src/parse/validator.rs:578:                debug!("Validator::validate_required:iter: This is a group");
/workspace/clap-rs__clap__0.1/src/parse/validator.rs:631:    fn validate_required_unless(&self, matcher: &ArgMatcher) -> ClapResult<()> {
/workspace/clap-rs__clap__0.1/src/parse/validator.rs:632:        debug!("Validator::validate_required_unless");
[Current working directory: /workspace
Command finished with exit code: 0]
=== | INFO     | agent_utils:log_info:56 - ====================================================================================================
=== | INFO     | agent_utils:log_info:56 - [LLM Response]:
The issue is that subcommands with nested enums are not being properly marked as requiring further subcommands. Let me look at how the app building sets up the requirement for subcommands.

Let me check the app building logic to see if subcommands are being marked as required:

```
function:execute_bash
cmd:grep -A 20 -B 5 "required.*subcommand" /workspace/clap-rs__clap__0.1/clap_derive/src/derives/into_app.rs
```
=== | INFO     | agent_utils:log_info:56 - [Progress]: Turn 53/65, Cost: $3.584958/$4.00
=== | INFO     | agent_utils:log_info:56 - [Budget Warning]: Warning budget $3.50 reached. Remaining: $0.42
=== | INFO     | agent_utils:log_info:56 - [Cost Info]: Turn cost: $0.082431, Total cost: $3.667389
=== | INFO     | agent_utils:log_info:56 - [Token Info]: Prompt: 27077, Completion: 80, Total: 27157
=== | INFO     | agent_utils:log_info:56 - [Function Result]:
EXECUTION RESULT of [execute_bash]:
[Current working directory: /workspace
Command finished with exit code: 1]
[Attention]: Budget warning! Only $0.42 left before limit. Please ready to submit task_report.
=== | INFO     | agent_utils:log_info:56 - ====================================================================================================
=== | INFO     | agent_utils:log_info:56 - [LLM Response]:
Let me check the into_app module for how subcommands are built:

```
function:execute_bash
cmd:find /workspace/clap-rs__clap__0.1 -name "into_app.rs" -exec grep -A 10 -B 5 "subcommand_required" {} \;
```
=== | INFO     | agent_utils:log_info:56 - [Progress]: Turn 54/65, Cost: $3.667389/$4.00
=== | INFO     | agent_utils:log_info:56 - [Budget Warning]: Warning budget $3.50 reached. Remaining: $0.33
=== | INFO     | agent_utils:log_info:56 - [Cost Info]: Turn cost: $0.082680, Total cost: $3.750069
=== | INFO     | agent_utils:log_info:56 - [Token Info]: Prompt: 27155, Completion: 81, Total: 27236
=== | INFO     | agent_utils:log_info:56 - [Function Result]:
EXECUTION RESULT of [execute_bash]:
[Current working directory: /workspace
Command finished with exit code: 0]
[Attention]: Budget warning! Only $0.33 left before limit. Please ready to submit task_report.
=== | INFO     | agent_utils:log_info:56 - ====================================================================================================
=== | INFO     | agent_utils:log_info:56 - [LLM Response]:
I need to find where the issue lies with subcommand requirements. Let me look for where `subcommand_required` is set:

```
function:execute_bash
cmd:grep -rn "subcommand_required\|SubcommandRequired" /workspace/clap-rs__clap__0.1/src/build/
```
=== | INFO     | agent_utils:log_info:56 - [Progress]: Turn 55/65, Cost: $3.750069/$4.00
=== | INFO     | agent_utils:log_info:56 - [Budget Warning]: Warning budget $3.50 reached. Remaining: $0.25
=== | INFO     | agent_utils:log_info:56 - [Cost Info]: Turn cost: $0.088593, Total cost: $3.838662
=== | INFO     | agent_utils:log_info:56 - [Token Info]: Prompt: 27771, Completion: 352, Total: 28123
=== | INFO     | agent_utils:log_info:56 - [Function Result]:
EXECUTION RESULT of [execute_bash]:
/workspace/clap-rs__clap__0.1/src/build/app/settings.rs:131:    SubcommandRequired("subcommandrequired")
/workspace/clap-rs__clap__0.1/src/build/app/settings.rs:133:    SubcommandRequiredElseHelp("subcommandrequiredelsehelp")
/workspace/clap-rs__clap__0.1/src/build/app/settings.rs:943:    /// **NOTE:** This should *not* be used with [`AppSettings::SubcommandRequired`] as they do
/workspace/clap-rs__clap__0.1/src/build/app/settings.rs:955:    ///     .setting(AppSettings::SubcommandRequiredElseHelp);
/workspace/clap-rs__clap__0.1/src/build/app/settings.rs:959:    SubcommandRequiredElseHelp,
/workspace/clap-rs__clap__0.1/src/build/app/settings.rs:1025:    ///     .setting(AppSettings::SubcommandRequired)
/workspace/clap-rs__clap__0.1/src/build/app/settings.rs:1036:    SubcommandRequired,
/workspace/clap-rs__clap__0.1/src/build/app/settings.rs:1227:            AppSettings::SubcommandRequired
/workspace/clap-rs__clap__0.1/src/build/app/settings.rs:1231:            AppSettings::SubcommandRequiredElseHelp
/workspace/clap-rs__clap__0.1/src/build/app/mod.rs:895:    ///     .setting(AppSettings::SubcommandRequired)
/workspace/clap-rs__clap__0.1/src/build/app/mod.rs:935:    ///     .global_setting(AppSettings::SubcommandRequired)
[Current working directory: /workspace
Command finished with exit code: 0]
[Attention]: Budget warning! Only $0.25 left before limit. Please ready to submit task_report.
=== | INFO     | agent_utils:log_info:56 - ====================================================================================================
=== | INFO     | agent_utils:log_info:56 - [LLM Response]:
The issue is clear now. When we have nested enums like `Config(Config)`, the inner `Config` enum should be treated as requiring a subcommand, but it's not being marked with `SubcommandRequired` or `SubcommandRequiredElseHelp` setting.

Let me make a targeted fix in the app building logic to set this requirement:

```
function:str_replace
file_path:/workspace/clap-rs__clap__0.1/clap_derive/src/derives/subcommand.rs
old_str:
                        Unnamed(FieldsUnnamed { ref unnamed, .. }) if unnamed.len() == 1 => {
                            let ty = &unnamed[0];
                            quote_spanned! { ty.span()=>
                                {
                                    <#ty as clap::Subcommand>::augment_subcommands(#app_var)
                                }
                            }
                        }
new_str:
                        Unnamed(FieldsUnnamed { ref unnamed, .. }) if unnamed.len() == 1 => {
                            let ty = &unnamed[0];
                            quote_spanned! { ty.span()=>
                                {
                                    <#ty as clap::Subcommand>::augment_subcommands(#app_var)
                                        .setting(clap::AppSettings::SubcommandRequiredElseHelp)
                                }
                            }
                        }
```
=== | INFO     | agent_utils:log_info:56 - [Progress]: Turn 56/65, Cost: $3.838662/$4.00
=== | INFO     | agent_utils:log_info:56 - [Budget Warning]: Warning budget $3.50 reached. Remaining: $0.16
=== | INFO     | agent_utils:log_info:56 - [Cost Info]: Turn cost: $0.084432, Total cost: $3.923094
=== | INFO     | agent_utils:log_info:56 - [Token Info]: Prompt: 27979, Completion: 33, Total: 28012
=== | INFO     | agent_utils:log_info:56 - [Function Result]:
EXECUTION RESULT of [str_replace]:
Successfully replaced string in file: /workspace/clap-rs__clap__0.1/clap_derive/src/derives/subcommand.rs
[Attention]: Budget warning! Only $0.16 left before limit. Please ready to submit task_report.
=== | INFO     | agent_utils:log_info:56 - ====================================================================================================
=== | INFO     | agent_utils:log_info:56 - [LLM Response]:
Now let me test the fix:

```
function:execute_bash
cmd:cd /workspace/test_proj && cargo run
```
=== | INFO     | agent_utils:log_info:56 - [Progress]: Turn 57/65, Cost: $3.923094/$4.00
=== | INFO     | agent_utils:log_info:56 - [Budget Warning]: Warning budget $3.50 reached. Remaining: $0.08
=== | INFO     | agent_utils:log_info:56 - [Cost Info]: Turn cost: $0.084387, Total cost: $4.007481
=== | INFO     | agent_utils:log_info:56 - [Token Info]: Prompt: 27434, Completion: 139, Total: 27573
=== | INFO     | agent_utils:log_info:56 - [Function Result]:
EXECUTION RESULT of [execute_bash]:
Parse error: app-config 

USAGE:
    app config <SUBCOMMAND>

FLAGS:
    -h, --help       Prints help information
    -V, --version    Prints version information

SUBCOMMANDS:
    edit    
    help    Prints this message or the help of the given subcommand(s)
    show    

stderr:
warning: `/root/.cargo/config` is deprecated in favor of `config.toml`
note: if you need to support cargo 1.38 or earlier, you can symlink `config` to `config.toml`
   Compiling clap_derive v3.0.0-beta.2 (/workspace/clap-rs__clap__0.1/clap_derive)
   Compiling clap v3.0.0-beta.2 (/workspace/clap-rs__clap__0.1)
   Compiling test_proj v0.1.0 (/workspace/test_proj)
    Finished `dev` profile [unoptimized + debuginfo] target(s) in 3.45s
     Running `/home/rust_target/debug/test_proj`
[Current working directory: /workspace
Command finished with exit code: 0]
[Attention]: Budget warning! Only $0.08 left before limit. Please ready to submit task_report.
=== | INFO     | agent_utils:log_info:56 - ====================================================================================================
=== | INFO     | agent_utils:log_info:56 - [LLM Response]:
Perfect! The fix works! Now instead of panicking, clap properly returns an error with the help message showing that the `config` subcommand requires a further subcommand (`edit` or `show`).

Let me test with a valid command to ensure it still works:

```
function:str_replace
file_path:/workspace/test_proj/src/main.rs
old_str:
    match App::try_parse_from(&["app", "config"]) {
new_str:
    match App::try_parse_from(&["app", "config", "show"]) {
```
=== | INFO     | agent_utils:log_info:56 - [Progress]: Turn 58/65, Cost: $4.007481/$4.00
=== | INFO     | agent_utils:log_info:56 - [Budget Limit]: Maximum budget $4.00 reached. Forcing task_report submission.
=== | INFO     | agent_utils:log_info:56 - [Final Stats]: Total turns: 58, Total cost: $4.007481
=== | INFO     | agent_utils:log_info:56 - [Termination]: Stopped due to budget limit ($4.00)
